timestamp,rsrp_dbm,snr,plmn,latitude,longitude,distance_m
2026-04-20T14:01:28.181579,-112.0,"7,5 dB",99970,57.01396531,9.98797898,26.05
2026-04-20T14:01:29.270155,-113.0,"6,5 dB",99970,57.01396531,9.98797898,26.05
2026-04-20T14:01:30.358396,-113.0,"6,0 dB",99970,57.01396531,9.98797898,26.05
2026-04-20T14:01:31.446337,-114.0,"5,5 dB",99970,57.01396531,9.98797898,26.05
2026-04-20T14:01:32.532757,-114.0,"4,5 dB",99970,57.01396531,9.98797898,26.05
2026-04-20T14:01:33.622385,-110.0,"7,0 dB",99970,57.01396531,9.98797898,26.05
2026-04-20T14:01:34.710468,-112.0,"4,5 dB",99970,57.01396531,9.98797898,26.05
2026-04-20T14:01:35.798530,-114.0,"5,0 dB",99970,57.01396531,9.98797898,26.05
2026-04-20T14:35:25.133516,-67.0,"37,0 dB",99970,57.01396531,9.98797898,26.05
2026-04-20T14:35:26.253293,-69.0,"35,5 dB",99970,57.01396531,9.98797898,26.05
2026-04-20T14:35:27.374182,-69.0,"35,5 dB",99970,57.01396531,9.98797898,26.05
2026-04-20T14:35:28.462170,-67.0,"37,0 dB",99970,57.01396531,9.98797898,26.05
2026-04-20T14:35:29.580623,-65.0,"36,0 dB",99970,57.01396531,9.98797898,26.05
2026-04-20T14:35:30.670264,-66.0,"38,0 dB",99970,57.01396531,9.98797898,26.05
2026-04-20T14:35:31.790168,-65.0,"36,5 dB",99970,57.01396531,9.98797898,26.05
2026-04-20T14:35:32.910201,-66.0,"39,5 dB",99970,57.01396531,9.98797898,26.05
2026-04-20T14:35:33.998120,-66.0,"36,5 dB",99970,57.01396531,9.98797898,26.05
2026-04-20T14:35:35.085703,-65.0,"37,0 dB",99970,57.01396531,9.98797898,26.05
2026-04-20T14:35:36.206297,-65.0,"36,0 dB",99970,57.01396531,9.98797898,26.05
2026-04-20T14:35:37.326056,-66.0,"36,5 dB",99970,57.01396531,9.98797898,26.05
2026-04-20T14:35:38.413777,-65.0,"36,5 dB",99970,57.01396531,9.98797898,26.05
2026-04-20T14:35:39.533950,-65.0,"36,5 dB",99970,57.01396531,9.98797898,26.05
2026-04-20T14:35:40.654140,-64.0,"37,0 dB",99970,57.01396531,9.98797898,26.05
2026-04-20T14:35:41.772245,-64.0,"37,5 dB",99970,57.01396531,9.98797898,26.05
2026-04-20T14:35:42.893968,-66.0,"37,0 dB",99970,57.01396531,9.98797898,26.05
2026-04-20T14:35:43.982397,-66.0,"37,0 dB",99970,57.01396531,9.98797898,26.05
2026-04-20T14:35:45.102218,-65.0,"38,0 dB",99970,57.01396531,9.98797898,26.05
2026-04-20T14:35:46.222558,-67.0,"37,0 dB",99970,57.01396531,9.98797898,26.05
2026-04-20T14:35:47.342365,-65.0,"37,0 dB",99970,57.01396531,9.98797898,26.05
2026-04-20T14:35:48.462760,-66.0,"37,5 dB",99970,57.01396531,9.98797898,26.05
2026-04-20T14:35:49.582554,-66.0,"35,5 dB",99970,57.01396531,9.98797898,26.05
2026-04-20T14:35:50.702399,-65.0,"37,5 dB",99970,57.01396531,9.98797898,26.05
2026-04-20T14:35:51.822612,-65.0,"36,5 dB",99970,57.01396531,9.98797898,26.05
2026-04-20T14:35:52.910319,-64.0,"35,5 dB",99970,57.01396531,9.98797898,26.05
2026-04-20T14:35:53.998723,-65.0,"36,5 dB",99970,57.01396531,9.98797898,26.05
2026-04-20T14:35:55.085917,-64.0,"37,5 dB",99970,57.01396531,9.98797898,26.05
2026-04-20T14:35:56.206551,-64.0,"36,5 dB",99970,57.01396531,9.98797898,26.05
2026-04-20T14:35:57.294365,-64.0,"38,0 dB",99970,57.01396531,9.98797898,26.05
2026-04-20T14:35:58.414615,-64.0,"38,0 dB",99970,57.01396531,9.98797898,26.05
2026-04-20T14:35:59.501787,-66.0,"37,0 dB",99970,57.01396531,9.98797898,26.05
2026-04-20T14:36:00.622413,-66.0,"37,0 dB",99970,57.01396531,9.98797898,26.05
2026-04-20T14:36:01.742658,-65.0,"37,0 dB",99970,57.01396531,9.98797898,26.05
2026-04-20T14:36:02.862512,-66.0,"36,5 dB",99970,57.01396531,9.98797898,26.05
2026-04-20T14:36:03.950711,-67.0,"37,5 dB",99970,57.01396531,9.98797898,26.05
2026-04-20T14:36:05.070211,-65.0,"38,0 dB",99970,57.01396531,9.98797898,26.05
2026-04-20T14:36:06.190525,-70.0,"34,5 dB",99970,57.01396531,9.98797898,26.05
2026-04-20T14:36:07.278928,-70.0,"34,0 dB",99970,57.01396531,9.98797898,26.05
2026-04-20T14:36:08.398996,-68.0,"35,5 dB",99970,57.01396531,9.98797898,26.05
2026-04-20T14:36:09.518752,-69.0,"35,0 dB",99970,57.01396531,9.98797898,26.05
2026-04-20T14:36:10.638459,-68.0,"35,5 dB",99970,57.01396531,9.98797898,26.05
2026-04-20T14:36:11.758896,-66.0,"37,5 dB",99970,57.01396531,9.98797898,26.05
2026-04-20T14:36:12.878870,-67.0,"36,0 dB",99970,57.01396531,9.98797898,26.05
2026-04-20T14:36:13.998721,-66.0,"37,0 dB",99970,57.01396531,9.98797898,26.05
2026-04-20T14:36:15.086248,-66.0,"37,0 dB",99970,57.01396531,9.98797898,26.05
2026-04-20T14:36:16.206603,-68.0,"36,0 dB",99970,57.01396531,9.98797898,26.05
2026-04-20T14:36:17.325126,-69.0,"36,0 dB",99970,57.01396531,9.98797898,26.05
2026-04-20T14:36:18.414423,-69.0,"36,5 dB",99970,57.01396531,9.98797898,26.05
2026-04-20T14:36:19.534611,-68.0,"35,5 dB",99970,57.01396531,9.98797898,26.05
2026-04-20T14:36:20.654419,-68.0,"35,0 dB",99970,57.01396531,9.98797898,26.05
2026-04-20T14:36:21.774867,-66.0,"36,0 dB",99970,57.01396531,9.98797898,26.05
2026-04-20T14:36:22.862960,-65.0,"35,5 dB",99970,57.01396531,9.98797898,26.05
2026-04-20T14:36:23.950970,-70.0,"35,5 dB",99970,57.01396531,9.98797898,26.05
2026-04-20T14:36:25.070736,-73.0,"33,5 dB",99970,57.01396531,9.98797898,26.05
2026-04-20T14:36:26.190954,-65.0,"38,5 dB",99970,57.01396531,9.98797898,26.05
2026-04-20T14:36:27.310570,-65.0,"37,0 dB",99970,57.01396531,9.98797898,26.05
2026-04-20T14:36:28.430557,-66.0,"37,0 dB",99970,57.01396531,9.98797898,26.05
2026-04-20T14:36:29.519002,-66.0,"37,0 dB",99970,57.01396531,9.98797898,26.05
2026-04-20T14:36:30.639029,-66.0,"36,5 dB",99970,57.01396531,9.98797898,26.05
2026-04-20T14:36:31.759125,-65.0,"37,5 dB",99970,57.01396531,9.98797898,26.05
2026-04-20T14:36:32.879035,-65.0,"35,5 dB",99970,57.01396531,9.98797898,26.05
2026-04-20T14:36:33.999204,-65.0,"36,5 dB",99970,57.01396531,9.98797898,26.05
2026-04-20T14:36:35.118926,-66.0,"37,0 dB",99970,57.01396531,9.98797898,26.05
2026-04-20T14:36:36.239291,-66.0,"37,0 dB",99970,57.01396531,9.98797898,26.05
2026-04-20T14:36:37.326756,-66.0,"37,5 dB",99970,57.01396531,9.98797898,26.05
2026-04-20T14:36:38.446879,-66.0,"36,5 dB",99970,57.01396531,9.98797898,26.05
2026-04-20T14:36:39.567130,-66.0,"37,0 dB",99970,57.01396531,9.98797898,26.05
2026-04-20T14:36:40.686967,-66.0,"36,0 dB",99970,57.01396531,9.98797898,26.05
2026-04-20T14:36:41.807310,-66.0,"39,0 dB",99970,57.01396531,9.98797898,26.05
2026-04-20T14:36:42.895279,-66.0,"36,0 dB",99970,57.01396531,9.98797898,26.05
2026-04-20T14:36:44.015192,-66.0,"37,5 dB",99970,57.01396531,9.98797898,26.05
2026-04-20T14:36:45.135292,-66.0,"37,0 dB",99970,57.01396531,9.98797898,26.05
2026-04-20T14:36:46.223089,-66.0,"39,0 dB",99970,57.01396531,9.98797898,26.05
2026-04-20T14:36:47.343070,-66.0,"36,5 dB",99970,57.01396531,9.98797898,26.05
2026-04-20T14:36:48.463395,-66.0,"37,0 dB",99970,57.01396531,9.98797898,26.05
2026-04-20T14:36:49.582753,-66.0,"37,0 dB",99970,57.01396531,9.98797898,26.05
2026-04-20T14:36:50.702350,-66.0,"37,5 dB",99970,57.01396531,9.98797898,26.05
2026-04-20T14:36:51.823362,-66.0,"37,5 dB",99970,57.01396531,9.98797898,26.05
2026-04-20T14:36:52.943387,-66.0,"36,0 dB",99970,57.01396531,9.98797898,26.05
2026-04-20T14:36:54.063313,-66.0,"36,5 dB",99970,57.01396531,9.98797898,26.05
2026-04-20T14:36:55.183125,-66.0,"35,5 dB",99970,57.01396531,9.98797898,26.05
2026-04-20T14:36:56.302964,-66.0,"35,5 dB",99970,57.01396531,9.98797898,26.05
2026-04-20T14:36:57.423514,-66.0,"37,0 dB",99970,57.01396531,9.98797898,26.05
2026-04-20T14:36:58.510996,-66.0,"36,5 dB",99970,57.01396531,9.98797898,26.05
2026-04-20T14:36:59.631060,-66.0,"37,5 dB",99970,57.01396531,9.98797898,26.05
2026-04-20T14:37:00.751236,-66.0,"35,5 dB",99970,57.01396531,9.98797898,26.05
2026-04-20T14:37:01.871445,-66.0,"36,5 dB",99970,57.01396531,9.98797898,26.05
2026-04-20T14:37:02.991229,-66.0,"37,0 dB",99970,57.01396531,9.98797898,26.05
2026-04-20T14:37:04.077905,-66.0,"36,0 dB",99970,57.01396531,9.98797898,26.05
2026-04-20T14:37:05.199833,-66.0,"36,5 dB",99970,57.01396531,9.98797898,26.05
2026-04-20T14:37:06.287248,-66.0,"36,5 dB",99970,57.01396531,9.98797898,26.05
2026-04-20T14:37:07.407431,-66.0,"37,5 dB",99970,57.01396531,9.98797898,26.05
2026-04-20T14:37:08.526929,-66.0,"36,5 dB",99970,57.01396531,9.98797898,26.05
2026-04-20T14:37:09.615143,-66.0,"36,5 dB",99970,57.01396531,9.98797898,26.05
2026-04-20T14:37:10.703506,-66.0,"38,0 dB",99970,57.01396531,9.98797898,26.05
2026-04-20T14:37:11.823287,-66.0,"36,0 dB",99970,57.01396531,9.98797898,26.05
2026-04-20T14:37:12.943526,-66.0,"37,5 dB",99970,57.01396531,9.98797898,26.05
2026-04-20T14:37:14.063435,-66.0,"38,0 dB",99970,57.01396531,9.98797898,26.05
2026-04-20T14:37:15.151510,-66.0,"37,0 dB",99970,57.01396531,9.98797898,26.05
2026-04-20T14:37:16.239306,-66.0,"37,0 dB",99970,57.01396531,9.98797898,26.05
2026-04-20T14:37:17.327350,-66.0,"38,0 dB",99970,57.01396531,9.98797898,26.05
2026-04-20T14:37:18.447652,-66.0,"36,0 dB",99970,57.01396531,9.98797898,26.05
2026-04-20T14:37:19.535728,-66.0,"36,5 dB",99970,57.01396531,9.98797898,26.05
2026-04-20T14:37:20.655570,-66.0,"37,0 dB",99970,57.01396531,9.98797898,26.05
2026-04-20T14:37:21.775841,-66.0,"36,5 dB",99970,57.01396531,9.98797898,26.05
2026-04-20T14:37:22.895743,-66.0,"37,5 dB",99970,57.01396531,9.98797898,26.05
2026-04-20T14:37:24.015741,-66.0,"37,0 dB",99970,57.01396531,9.98797898,26.05
2026-04-20T14:37:25.135239,-66.0,"37,5 dB",99970,57.01396531,9.98797898,26.05
2026-04-20T14:37:26.255234,-66.0,"36,5 dB",99970,57.01396531,9.98797898,26.05
2026-04-20T14:37:27.375272,-66.0,"37,5 dB",99970,57.01396531,9.98797898,26.05
2026-04-20T14:37:28.463620,-66.0,"37,5 dB",99970,57.01396531,9.98797898,26.05
2026-04-20T14:37:29.583496,-66.0,"36,0 dB",99970,57.01396531,9.98797898,26.05
2026-04-20T14:37:30.703252,-66.0,"37,0 dB",99970,57.01396531,9.98797898,26.05
2026-04-20T14:37:31.823440,-66.0,"37,0 dB",99970,57.01396531,9.98797898,26.05
2026-04-20T14:37:32.943307,-66.0,"37,0 dB",99970,57.01396531,9.98797898,26.05
2026-04-20T14:37:34.032020,-66.0,"36,5 dB",99970,57.01396531,9.98797898,26.05
2026-04-20T14:37:35.151847,-66.0,"37,5 dB",99970,57.01396531,9.98797898,26.05
2026-04-20T14:37:36.271726,-66.0,"36,0 dB",99970,57.01396531,9.98797898,26.05
2026-04-20T14:37:37.391954,-66.0,"36,5 dB",99970,57.01396531,9.98797898,26.05
2026-04-20T14:37:38.512113,-66.0,"37,0 dB",99970,57.01396531,9.98797898,26.05
2026-04-20T14:37:39.599535,-66.0,"37,0 dB",99970,57.01396531,9.98797898,26.05
2026-04-20T14:37:40.720040,-66.0,"37,0 dB",99970,57.01396531,9.98797898,26.05
2026-04-20T14:37:41.807563,-66.0,"37,5 dB",99970,57.01396531,9.98797898,26.05
2026-04-20T14:37:42.928156,-66.0,"38,0 dB",99970,57.01396531,9.98797898,26.05
2026-04-20T14:37:44.046866,-66.0,"36,5 dB",99970,57.01396531,9.98797898,26.05
2026-04-20T14:37:45.167859,-66.0,"37,0 dB",99970,57.01396531,9.98797898,26.05
2026-04-20T14:37:46.256190,-66.0,"37,0 dB",99970,57.01396531,9.98797898,26.05
2026-04-20T14:37:47.375785,-66.0,"37,0 dB",99970,57.01396531,9.98797898,26.05
2026-04-20T14:37:48.496250,-66.0,"37,5 dB",99970,57.01396531,9.98797898,26.05
2026-04-20T14:37:49.615624,-66.0,"37,0 dB",99970,57.01396531,9.98797898,26.05
2026-04-20T14:37:50.736077,-66.0,"37,5 dB",99970,57.01396531,9.98797898,26.05
2026-04-20T14:37:51.856185,-66.0,"37,0 dB",99970,57.01396531,9.98797898,26.05
2026-04-20T14:37:52.976216,-66.0,"37,0 dB",99970,57.01396531,9.98797898,26.05
2026-04-20T14:37:54.095938,-66.0,"37,0 dB",99970,57.01396531,9.98797898,26.05
2026-04-20T14:37:55.215928,-66.0,"37,0 dB",99970,57.01396531,9.98797898,26.05
2026-04-20T14:37:56.336257,-66.0,"36,5 dB",99970,57.01396531,9.98797898,26.05
2026-04-20T14:37:57.456132,-66.0,"37,5 dB",99970,57.01396531,9.98797898,26.05
2026-04-20T14:37:58.576116,-66.0,"36,0 dB",99970,57.01396531,9.98797898,26.05
2026-04-20T14:37:59.696007,-66.0,"36,5 dB",99970,57.01396531,9.98797898,26.05
2026-04-20T14:38:00.815534,-66.0,"36,5 dB",99970,57.01396531,9.98797898,26.05
2026-04-20T14:38:01.936155,-66.0,"36,5 dB",99970,57.01396531,9.98797898,26.05
2026-04-20T14:38:03.056405,-66.0,"36,5 dB",99970,57.01396531,9.98797898,26.05
2026-04-20T14:38:04.176184,-66.0,"37,5 dB",99970,57.01396531,9.98797898,26.05
2026-04-20T14:38:05.296209,-66.0,"37,5 dB",99970,57.01396531,9.98797898,26.05
2026-04-20T14:38:06.416210,-66.0,"36,5 dB",99970,57.01396531,9.98797898,26.05
2026-04-20T14:38:07.536262,-66.0,"37,0 dB",99970,57.01396531,9.98797898,26.05
2026-04-20T14:38:08.656371,-66.0,"36,5 dB",99970,57.01396531,9.98797898,26.05
2026-04-20T14:38:09.776249,-66.0,"38,0 dB",99970,57.01396531,9.98797898,26.05
2026-04-20T14:38:10.896397,-66.0,"37,5 dB",99970,57.01396531,9.98797898,26.05
2026-04-20T14:38:12.016181,-66.0,"36,5 dB",99970,57.01396531,9.98797898,26.05
2026-04-20T14:38:13.103272,-66.0,"37,0 dB",99970,57.01396531,9.98797898,26.05
2026-04-20T14:38:14.223468,-66.0,"36,5 dB",99970,57.01396531,9.98797898,26.05
2026-04-20T14:38:15.343216,-66.0,"36,5 dB",99970,57.01396531,9.98797898,26.05
2026-04-20T14:38:16.463016,-66.0,"36,5 dB",99970,57.01396531,9.98797898,26.05
2026-04-20T14:38:17.552358,-66.0,"37,0 dB",99970,57.01396531,9.98797898,26.05
2026-04-20T14:38:18.672154,-66.0,"37,0 dB",99970,57.01396531,9.98797898,26.05
2026-04-20T14:38:19.792526,-66.0,"37,0 dB",99970,57.01396531,9.98797898,26.05
2026-04-20T14:38:20.912388,-66.0,"38,5 dB",99970,57.01396531,9.98797898,26.05
2026-04-20T14:38:22.032378,-66.0,"38,5 dB",99970,57.01396531,9.98797898,26.05
2026-04-20T14:38:23.152209,-66.0,"37,5 dB",99970,57.01396531,9.98797898,26.05
2026-04-20T14:38:24.272463,-66.0,"37,5 dB",99970,57.01396531,9.98797898,26.05
2026-04-20T14:38:25.392093,-66.0,"38,0 dB",99970,57.01396531,9.98797898,26.05
2026-04-20T14:38:26.512381,-66.0,"37,0 dB",99970,57.01396531,9.98797898,26.05
2026-04-20T14:38:27.632576,-66.0,"36,5 dB",99970,57.01396531,9.98797898,26.05
2026-04-20T14:38:28.752561,-66.0,"36,0 dB",99970,57.01396531,9.98797898,26.05
2026-04-20T14:38:29.872622,-66.0,"36,5 dB",99970,57.01396531,9.98797898,26.05
2026-04-20T14:38:30.992506,-66.0,"38,0 dB",99970,57.01396531,9.98797898,26.05
2026-04-20T14:38:32.080205,-66.0,"37,0 dB",99970,57.01396531,9.98797898,26.05
2026-04-20T14:38:33.198841,-66.0,"36,5 dB",99970,57.01396531,9.98797898,26.05
2026-04-20T14:38:34.288559,-66.0,"38,0 dB",99970,57.01396531,9.98797898,26.05
2026-04-20T14:38:35.408528,-66.0,"36,5 dB",99970,57.01396531,9.98797898,26.05
2026-04-20T14:38:36.528396,-66.0,"38,5 dB",99970,57.01396531,9.98797898,26.05
2026-04-20T14:38:37.648337,-66.0,"37,0 dB",99970,57.01396531,9.98797898,26.05
2026-04-20T14:38:38.768474,-66.0,"36,5 dB",99970,57.01396531,9.98797898,26.05
2026-04-20T14:38:39.856240,-66.0,"36,5 dB",99970,57.01396531,9.98797898,26.05
2026-04-20T14:38:40.976594,-66.0,"37,0 dB",99970,57.01396531,9.98797898,26.05
2026-04-20T14:38:42.064245,-66.0,"37,0 dB",99970,57.01396531,9.98797898,26.05
2026-04-20T14:38:43.152340,-66.0,"37,5 dB",99970,57.01396531,9.98797898,26.05
2026-04-20T14:38:44.272569,-66.0,"38,0 dB",99970,57.01396531,9.98797898,26.05
2026-04-20T14:38:45.392672,-66.0,"37,5 dB",99970,57.01396531,9.98797898,26.05
2026-04-20T14:38:46.512646,-66.0,"36,0 dB",99970,57.01396531,9.98797898,26.05
2026-04-20T14:38:47.632374,-66.0,"37,0 dB",99970,57.01396531,9.98797898,26.05
2026-04-20T14:38:48.718597,-67.0,"36,0 dB",99970,57.01396350,9.98797990,26.04
2026-04-20T14:38:49.840629,-65.0,"37,0 dB",99970,57.01396531,9.98797898,26.05
2026-04-20T14:38:50.927561,-64.0,"37,5 dB",99970,57.01398250,9.98797990,26.73
2026-04-20T14:38:52.048885,-69.0,"33,5 dB",99970,57.01400180,9.98798670,27.94
2026-04-20T14:38:53.136263,-69.0,"33,0 dB",99970,57.01399734,9.98798755,27.79
2026-04-20T14:38:54.256633,-67.0,"35,5 dB",99970,57.01403860,9.98800910,31.06
2026-04-20T14:38:55.376644,-75.0,"32,5 dB",99970,57.01405740,9.98801830,32.64
2026-04-20T14:38:56.496275,-72.0,"32,5 dB",99970,57.01406010,9.98802089,32.93
2026-04-20T14:38:57.616512,-80.0,"20,0 dB",99970,57.01410836,9.98798368,34.51
2026-04-20T14:38:58.736947,-81.0,"24,5 dB",99970,57.01413070,9.98795696,35.15
2026-04-20T14:38:59.856372,-80.0,"28,5 dB",99970,57.01417750,9.98787530,36.41
2026-04-20T14:39:00.944280,-80.0,"27,5 dB",99970,57.01419700,9.98784080,37.32
2026-04-20T14:39:02.064731,-79.0,"27,0 dB",99970,57.01419779,9.98784155,37.42
2026-04-20T14:39:03.182153,-81.0,"27,0 dB",99970,57.01421271,9.98781198,38.19
2026-04-20T14:39:04.304317,-78.0,"26,0 dB",99970,57.01424260,9.98775240,40.12
2026-04-20T14:39:05.424523,-85.0,"23,5 dB",99970,57.01423766,9.98775284,39.60
2026-04-20T14:39:06.512720,-86.0,"25,0 dB",99970,57.01427190,9.98764450,42.05
2026-04-20T14:39:07.632910,-88.0,"19,5 dB",99970,57.01427142,9.98764507,42.01
2026-04-20T14:39:08.752029,-91.0,"14,0 dB",99970,57.01428070,9.98756910,42.78
2026-04-20T14:39:09.872696,-90.0,"15,0 dB",99970,57.01428320,9.98752890,43.12
2026-04-20T14:39:10.992945,-93.0,"18,0 dB",99970,57.01428546,9.98753159,43.36
2026-04-20T14:39:12.112833,-96.0,"8,5 dB",99970,57.01428065,9.98749631,42.99
2026-04-20T14:39:13.233066,-97.0,"7,0 dB",99970,57.01429060,9.98740940,44.92
2026-04-20T14:39:14.352787,-97.0,"12,0 dB",99970,57.01428718,9.98741525,44.47
2026-04-20T14:39:15.472720,-94.0,"10,5 dB",99970,57.01429280,9.98733720,46.28
2026-04-20T14:39:16.592054,-99.0,"7,0 dB",99970,57.01429380,9.98729892,47.14
2026-04-20T14:39:17.713085,-97.0,"7,5 dB",99970,57.01430000,9.98716660,51.07
2026-04-20T14:39:18.833086,-99.0,"7,5 dB",99970,57.01430150,9.98709340,53.47
2026-04-20T14:39:19.921334,-101.0,"3,5 dB",99970,57.01430206,9.98710152,53.26
2026-04-20T14:39:21.040956,-98.0,"6,0 dB",99970,57.01430480,9.98695340,58.74
2026-04-20T14:39:22.160974,-101.0,"0,0 dB",99970,57.01430780,9.98688610,61.65
2026-04-20T14:39:23.281028,-103.0,"3,0 dB",99970,57.01430909,9.98688506,61.80
2026-04-20T14:39:24.401326,-105.0,"1,5 dB",99970,57.01431090,9.98674080,68.09
2026-04-20T14:39:25.520190,-104.0,"1,5 dB",99970,57.01431124,9.98666860,71.39
2026-04-20T14:39:26.640849,-108.0,"-2,0 dB",99970,57.01430280,9.98649830,78.99
2026-04-20T14:39:27.760972,-108.0,"-4,0 dB",99970,57.01430290,9.98640580,83.65
2026-04-20T14:39:28.881726,-110.0,"-3,0 dB",99970,57.01430246,9.98639780,84.03
2026-04-20T14:39:30.001247,-111.0,"-4,0 dB",99970,57.01430080,9.98622520,92.92
2026-04-20T14:39:31.088829,-112.0,"-2,5 dB",99970,57.01429950,9.98613390,97.73
2026-04-20T14:39:32.209264,-112.0,"-5,0 dB",99970,57.01430111,9.98612985,98.03
2026-04-20T14:39:33.328519,-116.0,"-2,5 dB",99970,57.01429910,9.98595630,107.37
2026-04-20T14:39:34.448922,-111.0,"-5,0 dB",99970,57.01430120,9.98587780,111.80
2026-04-20T14:39:35.535617,-113.0,"-7,5 dB",99970,57.01431110,9.98575270,119.19
2026-04-20T14:39:36.657092,-113.0,"-7,0 dB",99970,57.01431180,9.98569420,122.50
2026-04-20T14:39:37.777067,-115.0,"-11,0 dB",99970,57.01431281,9.98569978,122.23
2026-04-20T14:39:38.895907,-114.0,"-6,0 dB",99970,57.01432140,9.98557600,129.54
2026-04-20T14:39:40.017161,-111.0,"-2,5 dB",99970,57.01432950,9.98550560,133.84
2026-04-20T14:39:41.104943,-109.0,"-4,5 dB",99970,57.01433084,9.98550239,134.07
2026-04-20T14:39:42.223303,-120.0,"-8,5 dB",99970,57.01434610,9.98532800,144.55
2026-04-20T14:39:43.345156,-112.0,"-6,0 dB",99970,57.01435360,9.98523030,150.39
2026-04-20T14:39:44.465192,-112.0,"-8,5 dB",99970,57.01435794,9.98522679,150.75
2026-04-20T14:39:45.585151,-113.0,"-8,0 dB",99970,57.01436040,9.98492740,167.99
2026-04-20T14:39:46.705081,-119.0,"-8,5 dB",99970,57.01435919,9.98492641,168.01
2026-04-20T14:39:47.825194,-117.0,"-10,5 dB",99970,57.01436140,9.98473780,178.98
2026-04-20T14:39:48.945217,-110.0,"-7,5 dB",99970,57.01436320,9.98464750,184.28
2026-04-20T14:39:50.032334,-114.0,"-4,0 dB",99970,57.01436403,9.98464225,184.61
2026-04-20T14:39:51.121280,-118.0,"-12,0 dB",99970,57.01436460,9.98447450,194.39
2026-04-20T14:39:52.240374,-115.0,"-9,5 dB",99970,57.01436520,9.98440400,198.52
2026-04-20T14:39:53.329340,-114.0,"-7,5 dB",99970,57.01436494,9.98440672,198.35
2026-04-20T14:39:54.449272,-119.0,"-11,5 dB",99970,57.01436310,9.98432110,203.31
2026-04-20T14:39:55.569404,-109.0,"-7,5 dB",99970,57.01436153,9.98431996,203.33
2026-04-20T14:39:56.657257,-110.0,"-8,5 dB",99970,57.01435100,9.98430800,203.74
2026-04-20T14:39:57.777494,-108.0,"-3,0 dB",99970,57.01434650,9.98430070,204.04
2026-04-20T14:39:58.865160,-113.0,"-9,0 dB",99970,57.01434800,9.98429804,204.24
2026-04-20T14:39:59.984750,-113.0,"-10,5 dB",99970,57.01434470,9.98425980,206.39
2026-04-20T14:40:01.072509,-109.0,"-9,0 dB",99970,57.01433650,9.98422400,208.28
2026-04-20T14:40:02.161379,-117.0,"-7,5 dB",99970,57.01433838,9.98422748,208.13
2026-04-20T14:40:03.249444,-123.0,"-15,5 dB",99970,57.01428560,9.98416430,210.56
2026-04-20T14:41:50.770266,-88.0,"5,5 dB",23801,57.01092525,9.99417824,518.91
2026-04-20T14:41:51.890559,-110.0,"-20,0 dB",23801,57.01092180,9.99427480,523.68
2026-04-20T14:43:18.099091,,,000000,57.01531373,9.99441499,443.46
2026-04-20T14:43:19.219067,,,000000,57.01524800,9.99439540,439.80
2026-04-20T14:43:38.227492,,,000000,57.01359576,9.99425734,406.34
2026-04-20T14:43:39.347616,,,000000,57.01349705,9.99426405,407.79
2026-04-20T14:43:40.467386,,,000000,57.01340560,9.99425270,408.34
2026-04-20T14:43:41.747726,-103.0,"2,0 dB",99970,57.01322073,9.99425461,411.71
2026-04-20T14:43:42.867652,-99.0,"9,5 dB",99970,57.01312660,9.99424890,413.41
2026-04-20T14:43:43.987673,-95.0,"7,0 dB",99970,57.01303440,9.99425183,415.82
2026-04-20T14:43:45.297985,-100.0,"5,0 dB",99970,57.01294058,9.99425854,418.74
2026-04-20T14:43:46.385974,-105.0,"-2,0 dB",99970,57.01284980,9.99426560,421.83
2026-04-20T14:43:47.507646,-105.0,"0,5 dB",99970,57.01268006,9.99430345,429.59
2026-04-20T14:43:48.627649,-108.0,"-4,5 dB",99970,57.01260810,9.99431930,433.08
2026-04-20T14:43:49.714327,-108.0,"-4,5 dB",99970,57.01254670,9.99433401,436.22
2026-04-20T14:43:50.804127,-109.0,"-1,5 dB",99970,57.01249233,9.99435215,439.37
2026-04-20T14:43:51.924206,-112.0,"-9,5 dB",99970,57.01245020,9.99437710,442.46
2026-04-20T14:43:53.044263,-115.0,"-8,0 dB",99970,57.01241204,9.99438078,444.23
2026-04-20T14:43:54.164137,-116.0,"-9,0 dB",99970,57.01239101,9.99439128,445.69
2026-04-20T14:43:55.284017,-117.0,"-10,0 dB",99970,57.01236590,9.99437240,445.69
2026-04-20T14:43:56.403964,-118.0,"-10,5 dB",99970,57.01234928,9.99434743,445.00
2026-04-20T14:43:57.524169,-120.0,"-5,0 dB",99970,57.01233880,9.99428720,442.10
2026-04-20T14:43:58.644191,-117.0,"-7,5 dB",99970,57.01232999,9.99424160,439.95
2026-04-20T14:43:59.764171,-123.0,"-18,0 dB",99970,57.01232780,9.99417390,436.28
2026-04-20T14:44:00.883884,-124.0,"-20,0 dB",99970,57.01232480,9.99411100,432.93
2026-04-20T14:44:01.970711,-122.0,"-9,5 dB",99970,57.01232810,9.99404700,429.24
2026-04-20T14:44:03.059709,-138.0,"-20,0 dB",99970,57.01234707,9.99399559,425.54
2026-04-20T14:44:38.900879,-109.0,"-3,0 dB",99970,57.01232223,9.99430359,443.73
2026-04-20T14:44:40.020428,-111.0,"-2,5 dB",99970,57.01232530,9.99430160,443.49
2026-04-20T14:44:41.140587,-110.0,"-6,0 dB",99970,57.01232223,9.99430359,443.73
2026-04-20T14:44:42.228676,-109.0,"-7,0 dB",99970,57.01232223,9.99430359,443.73
2026-04-20T14:44:43.348308,-109.0,"-3,5 dB",99970,57.01232530,9.99430150,443.48
2026-04-20T14:44:44.436521,-106.0,"-8,0 dB",99970,57.01232223,9.99430359,443.73
2026-04-20T14:44:45.556346,-111.0,"-8,5 dB",99970,57.01232340,9.99430330,443.67
2026-04-20T14:44:46.675745,-109.0,"-5,5 dB",99970,57.01232340,9.99430340,443.67
2026-04-20T14:44:47.763987,-108.0,"-7,0 dB",99970,57.01232223,9.99430359,443.73
2026-04-20T14:44:48.883980,-110.0,"-6,0 dB",99970,57.01232330,9.99430360,443.69
2026-04-20T14:44:50.004014,-108.0,"-5,5 dB",99970,57.01232223,9.99430359,443.73
2026-04-20T14:44:51.092126,-109.0,"-8,5 dB",99970,57.01232223,9.99430359,443.73
2026-04-20T14:44:52.212344,-107.0,"-4,5 dB",99970,57.01232310,9.99430400,443.72
2026-04-20T14:44:53.300368,-109.0,"-3,5 dB",99970,57.01232223,9.99430359,443.73
2026-04-20T14:44:54.421094,-110.0,"-9,0 dB",99970,57.01232223,9.99430359,443.73
2026-04-20T14:44:55.540562,-111.0,"-7,5 dB",99970,57.01232223,9.99430359,443.73
2026-04-20T14:44:56.660451,-109.0,"-5,0 dB",99970,57.01232223,9.99430359,443.73
2026-04-20T14:44:57.780422,-109.0,"-7,0 dB",99970,57.01232280,9.99430470,443.77
2026-04-20T14:44:58.900476,-110.0,"-6,0 dB",99970,57.01232223,9.99430359,443.73
2026-04-20T14:45:00.020602,-112.0,"-6,5 dB",99970,57.01232223,9.99430359,443.73
2026-04-20T14:45:01.140045,-110.0,"-6,0 dB",99970,57.01232280,9.99430470,443.77
2026-04-20T14:45:02.228463,-109.0,"-3,5 dB",99970,57.01232280,9.99430470,443.77
2026-04-20T14:45:03.348154,-116.0,"-18,0 dB",99970,57.01232223,9.99430359,443.73
2026-04-20T14:45:04.435335,-111.0,"-5,5 dB",99970,57.01232280,9.99430470,443.77
2026-04-20T14:45:05.557020,-110.0,"-6,0 dB",99970,57.01232223,9.99430359,443.73
2026-04-20T14:45:06.676857,-109.0,"-5,0 dB",99970,57.01232280,9.99430480,443.78
2026-04-20T14:45:07.797076,-109.0,"-5,0 dB",99970,57.01232965,9.99430644,443.57
2026-04-20T14:45:08.917131,-113.0,"-7,5 dB",99970,57.01232834,9.99432265,444.53
2026-04-20T14:45:10.036705,-113.0,"-8,5 dB",99970,57.01233550,9.99435940,446.27
2026-04-20T14:45:11.156925,-110.0,"-3,0 dB",99970,57.01234283,9.99439321,447.84
2026-04-20T14:45:12.276866,-114.0,"-8,0 dB",99970,57.01237225,9.99443420,448.88
2026-04-20T14:45:13.394884,-120.0,"-7,5 dB",99970,57.01239970,9.99444360,448.27
2026-04-20T14:45:14.517141,-115.0,"-5,0 dB",99970,57.01247838,9.99443035,444.34
2026-04-20T14:45:15.637156,-116.0,"-6,0 dB",99970,57.01251970,9.99442380,442.36
2026-04-20T14:45:16.757057,-114.0,"-6,5 dB",99970,57.01256609,9.99440457,439.51
2026-04-20T14:45:17.876935,-113.0,"-2,0 dB",99970,57.01262404,9.99440264,437.27
2026-04-20T14:45:18.963692,-106.0,"-4,5 dB",99970,57.01268190,9.99437950,433.90
2026-04-20T14:45:20.083884,-109.0,"-1,5 dB",99970,57.01274509,9.99436922,431.17
2026-04-20T14:45:21.204062,-105.0,"-1,0 dB",99970,57.01280435,9.99435108,428.21
2026-04-20T14:45:22.324284,-101.0,"3,0 dB",99970,57.01286280,9.99434540,426.08
2026-04-20T14:45:23.444115,-91.0,"14,5 dB",99970,57.01292409,9.99433388,423.62
2026-04-20T14:45:24.531594,-92.0,"13,5 dB",99970,57.01304790,9.99432510,419.80
2026-04-20T14:45:25.651764,-94.0,"15,0 dB",99970,57.01311173,9.99432046,417.99
2026-04-20T14:45:26.772481,-98.0,"9,5 dB",99970,57.01317710,9.99432138,416.59
2026-04-20T14:45:27.860535,-102.0,"8,5 dB",99970,57.01324230,9.99432050,415.20
2026-04-20T14:45:28.980309,-103.0,"9,5 dB",99970,57.01330785,9.99432325,414.15
2026-04-20T14:45:30.100685,-94.0,"13,0 dB",99970,57.01337574,9.99432703,413.25
2026-04-20T14:45:31.188742,-89.0,"19,5 dB",99970,57.01343910,9.99433120,412.58
2026-04-20T14:45:32.277172,-92.0,"14,0 dB",99970,57.01350649,9.99432889,411.58
2026-04-20T14:45:33.396729,-93.0,"11,0 dB",99970,57.01357439,9.99433268,411.08
2026-04-20T14:45:34.484689,-95.0,"9,5 dB",99970,57.01363560,9.99433830,410.89
2026-04-20T14:45:35.604063,-90.0,"15,0 dB",99970,57.01376561,9.99433547,409.95
2026-04-20T14:45:36.724176,-84.0,"21,0 dB",99970,57.01383520,9.99434290,410.20
2026-04-20T14:45:37.812923,-82.0,"23,0 dB",99970,57.01389888,9.99434018,409.98
2026-04-20T14:45:38.933002,-80.0,"23,5 dB",99970,57.01397167,9.99434397,410.29
2026-04-20T14:45:40.053064,-82.0,"24,5 dB",99970,57.01404540,9.99435350,411.12
2026-04-20T14:45:41.173106,-83.0,"22,0 dB",99970,57.01411594,9.99436775,412.37
2026-04-20T14:45:42.293094,-85.0,"23,0 dB",99970,57.01418873,9.99437154,413.16
2026-04-20T14:45:43.413245,-89.0,"19,5 dB",99970,57.01426390,9.99436770,413.67
2026-04-20T14:45:44.533253,-91.0,"16,5 dB",99970,57.01441329,9.99436669,415.58
2026-04-20T14:45:45.653356,-94.0,"12,0 dB",99970,57.01448370,9.99437490,417.23
2026-04-20T14:45:46.773031,-95.0,"15,0 dB",99970,57.01455887,9.99437426,418.58
2026-04-20T14:45:47.893145,-98.0,"16,5 dB",99970,57.01462424,9.99437519,419.97
2026-04-20T14:45:49.013294,-97.0,"17,0 dB",99970,57.01470060,9.99438110,422.04
2026-04-20T14:45:50.131855,-100.0,"12,0 dB",99970,57.01476982,9.99438276,423.84
2026-04-20T14:45:51.253170,-101.0,"13,0 dB",99970,57.01484749,9.99438655,426.12
2026-04-20T14:45:52.372693,-100.0,"13,0 dB",99970,57.01491760,9.99440150,429.00
2026-04-20T14:45:53.492871,-101.0,"11,0 dB",99970,57.01498687,9.99441034,431.61
2026-04-20T14:45:54.580923,-102.0,"6,5 dB",99970,57.01505836,9.99443034,435.07
2026-04-20T14:45:55.701148,-99.0,"11,5 dB",99970,57.01512853,9.99446654,439.53
2026-04-20T14:45:56.789321,-96.0,"13,5 dB",99970,57.01519259,9.99448369,442.79
2026-04-20T14:45:57.909162,-95.0,"15,0 dB",99970,57.01532260,9.99453510,450.61
2026-04-20T14:45:59.029253,-95.0,"12,5 dB",99970,57.01532683,9.99453704,450.89
2026-04-20T14:46:00.117047,-94.0,"17,5 dB",99970,57.01541804,9.99456275,456.01
2026-04-20T14:46:01.205052,-95.0,"15,0 dB",99970,57.01545370,9.99457630,458.26
2026-04-20T14:46:02.324999,-92.0,"12,0 dB",99970,57.01547721,9.99457989,459.45
2026-04-20T14:46:03.445113,-97.0,"11,5 dB",99970,57.01548210,9.99457989,459.66
2026-04-20T14:46:04.565113,-94.0,"11,5 dB",99970,57.01548210,9.99457989,459.66
2026-04-20T14:46:05.685346,-95.0,"12,5 dB",99970,57.01548079,9.99459610,460.51
2026-04-20T14:46:06.804918,-96.0,"12,5 dB",99970,57.01549780,9.99459330,461.08
2026-04-20T14:46:07.924974,-96.0,"12,0 dB",99970,57.01552155,9.99459132,462.00
2026-04-20T14:46:09.045056,-95.0,"12,5 dB",99970,57.01555358,9.99459989,463.88
2026-04-20T14:46:10.163182,-96.0,"12,0 dB",99970,57.01559550,9.99461640,466.66
2026-04-20T14:46:11.253493,-97.0,"9,0 dB",99970,57.01564226,9.99462275,469.14
2026-04-20T14:46:12.373235,-103.0,"7,0 dB",99970,57.01568913,9.99463703,472.11
2026-04-20T14:46:13.493452,-102.0,"7,5 dB",99970,57.01574510,9.99464960,475.46
2026-04-20T14:46:14.613524,-104.0,"5,5 dB",99970,57.01587032,9.99466939,482.71
2026-04-20T14:46:15.733156,-109.0,"0,5 dB",99970,57.01593760,9.99468760,487.13
2026-04-20T14:46:16.853774,-105.0,"0,5 dB",99970,57.01600586,9.99470653,491.72
2026-04-20T14:46:17.973536,-111.0,"-2,5 dB",99970,57.01607734,9.99472653,496.62
2026-04-20T14:46:19.061510,-116.0,"-6,0 dB",99970,57.01616010,9.99474040,501.90
2026-04-20T14:48:53.207157,,,000000,57.01519241,10.00527447,1081.55
2026-04-20T14:48:55.414553,,,000000,57.01505678,10.00527257,1079.54
2026-04-20T14:49:43.447586,-85.2,,23820,57.01485804,10.00501798,1061.78
2026-04-20T14:49:44.663336,-83.9,,23820,57.01485804,10.00501798,1061.78
2026-04-20T14:49:45.783417,-83.9,,23820,57.01485804,10.00501798,1061.78
2026-04-20T14:49:46.903441,-83.9,,23820,57.01485804,10.00501798,1061.78
2026-04-20T14:49:48.023165,-83.9,,23820,57.01485804,10.00501798,1061.78
2026-04-20T14:49:49.239082,-83.9,,23820,57.01485804,10.00501798,1061.78
2026-04-20T14:49:50.359630,-83.9,,23820,57.01485804,10.00501798,1061.78
2026-04-20T14:49:51.479458,-83.9,,23820,57.01485804,10.00501798,1061.78
2026-04-20T14:49:52.599095,-83.9,,23820,57.01485804,10.00501798,1061.78
2026-04-20T14:49:53.719303,-83.9,,23820,57.01485804,10.00501798,1061.78
2026-04-20T14:49:54.839943,-83.9,,23820,57.01485804,10.00501798,1061.78
2026-04-20T14:49:55.959583,-83.9,,23820,57.01485804,10.00501798,1061.78
2026-04-20T14:49:57.079129,-83.9,,23820,57.01485804,10.00501798,1061.78
2026-04-20T14:49:58.231509,-83.9,,23820,57.01485804,10.00501798,1061.78
2026-04-20T14:49:59.351567,-83.9,,23820,57.01485804,10.00501798,1061.78
2026-04-20T14:50:00.471304,-83.9,,23820,57.01485804,10.00501798,1061.78
2026-04-20T14:50:01.591568,-83.9,,23820,57.01485804,10.00501798,1061.78
2026-04-20T14:50:02.711674,-83.9,,23820,57.01485804,10.00501798,1061.78
2026-04-20T14:50:03.831107,-83.9,,23820,57.01485804,10.00501798,1061.78
2026-04-20T14:50:04.951220,-83.9,,23820,57.01485804,10.00501798,1061.78
2026-04-20T14:50:06.071215,-83.9,,23820,57.01485804,10.00501798,1061.78
2026-04-20T14:50:07.255757,-83.9,,23820,57.01485804,10.00501798,1061.78
2026-04-20T14:50:08.375109,-83.9,,23820,57.01485804,10.00501798,1061.78
2026-04-20T14:50:09.495444,-83.9,,23820,57.01485804,10.00501798,1061.78
2026-04-20T14:50:10.583287,-83.9,,23820,57.01486285,10.00505327,1063.96
2026-04-20T14:50:11.671778,-83.9,,23820,57.01485892,10.00510190,1066.85
2026-04-20T14:50:12.791845,-83.9,,23820,57.01486241,10.00515339,1069.99
2026-04-20T14:50:13.911864,-83.9,,23820,57.01486459,10.00522110,1074.09
2026-04-20T14:50:15.031525,-83.9,,23820,57.01487036,10.00530501,1079.21
2026-04-20T14:50:16.151486,-83.9,,23820,57.01488615,10.00535936,1082.66
2026-04-20T14:50:17.303445,-83.9,,23820,57.01491426,10.00541658,1086.43
2026-04-20T14:50:18.423255,-83.9,,23820,57.01495851,10.00546330,1089.76
2026-04-20T14:50:19.543120,-83.9,,23820,57.01508663,10.00549762,1093.46
2026-04-20T14:50:20.631238,-83.9,,23820,57.01516431,10.00550143,1094.77
2026-04-20T14:50:21.752011,-83.9,,23820,57.01523710,10.00550524,1096.07
2026-04-20T14:50:22.871619,-83.9,,23820,57.01531478,10.00550905,1097.50
2026-04-20T14:50:23.991857,-83.9,,23820,57.01539987,10.00551572,1099.30
2026-04-20T14:50:25.143360,-83.9,,23820,57.01549117,10.00550618,1100.32
2026-04-20T14:50:26.231062,-83.9,,23820,57.01558857,10.00551570,1102.68
2026-04-20T14:50:27.351461,-83.9,,23820,57.01567366,10.00552237,1104.73
2026-04-20T14:53:28.729561,-72.3,,23820,57.02020902,10.00559933,1297.74
2026-04-20T14:53:29.946122,-78.0,,23820,57.02025423,10.00569470,1305.32
2026-04-20T14:53:31.065587,-78.0,,23820,57.02029456,10.00579006,1312.60
2026-04-20T14:53:32.377437,-109.0,"-4,0 dB",99970,57.02031743,10.00591214,1320.19
2026-04-20T14:53:33.497511,-107.0,"1,5 dB",99970,57.02034283,10.00603708,1328.08
2026-04-20T14:53:34.616432,-110.0,"0,5 dB",99970,57.02038847,10.00631651,1345.06
2026-04-20T14:53:35.865650,-117.0,"-7,5 dB",99970,57.02040384,10.00647102,1353.88
2026-04-20T14:53:36.984359,-112.0,"-1,5 dB",99970,57.02043535,10.00661503,1363.12
2026-04-20T14:53:38.074205,-108.0,"-4,5 dB",99970,57.02046171,10.00678860,1373.57
2026-04-20T14:53:39.193114,-127.0,"-20,0 dB",99970,57.02049548,10.00696504,1384.62
2026-04-20T14:54:15.897689,-100.0,"3,0 dB",99970,57.02011360,10.01348810,1714.60
2026-04-20T14:54:16.985713,-101.0,"1,5 dB",99970,57.02011676,10.01348273,1714.44
2026-04-20T14:54:18.074058,-100.0,"3,5 dB",99970,57.01999660,10.01377750,1725.49
2026-04-20T14:54:19.162178,-110.0,"-16,0 dB",99970,57.01993800,10.01391960,1730.86
2026-04-20T14:54:20.249944,-135.0,"-20,0 dB",99970,57.01993599,10.01391855,1730.72
2026-04-20T14:54:34.554351,-104.0,"1,0 dB",99970,57.01944666,10.01497517,1770.15
2026-04-20T14:54:35.673707,-105.0,"1,5 dB",99970,57.01944770,10.01497090,1769.95
2026-04-20T14:54:36.762516,-104.0,"0,5 dB",99970,57.01944770,10.01497090,1769.95
2026-04-20T14:54:37.882249,-104.0,"2,5 dB",99970,57.01944666,10.01497517,1770.15
2026-04-20T14:54:39.002352,-110.0,"-0,5 dB",99970,57.01944230,10.01498560,1770.57
2026-04-20T14:54:40.121765,-110.0,"0,5 dB",99970,57.01943770,10.01501140,1771.86
2026-04-20T14:54:41.209996,-108.0,"3,0 dB",99970,57.01943662,10.01500473,1771.44
2026-04-20T14:54:42.298214,-108.0,"2,5 dB",99970,57.01941490,10.01508650,1775.25
2026-04-20T14:54:43.386275,-111.0,"2,5 dB",99970,57.01939260,10.01513610,1777.21
2026-04-20T14:54:44.474215,-108.0,"-0,5 dB",99970,57.01938791,10.01514205,1777.37
2026-04-20T14:54:45.593726,-105.0,"4,0 dB",99970,57.01931230,10.01530940,1784.03
2026-04-20T14:54:46.714119,-102.0,"3,5 dB",99970,57.01931197,10.01530607,1783.83
2026-04-20T14:54:47.834095,-100.0,"4,5 dB",99970,57.01924540,10.01545220,1789.69
2026-04-20T14:54:48.954103,-100.0,"3,0 dB",99970,57.01920680,10.01553460,1792.97
2026-04-20T14:54:50.074111,-101.0,"0,5 dB",99970,57.01921106,10.01552922,1792.82
2026-04-20T14:54:51.194041,-101.0,"0,0 dB",99970,57.01911940,10.01571880,1800.35
2026-04-20T14:54:52.313938,-101.0,"-2,5 dB",99970,57.01907480,10.01581780,1804.44
2026-04-20T14:54:53.402648,-101.0,"2,0 dB",99970,57.01908030,10.01581148,1804.27
2026-04-20T14:54:54.490205,-101.0,"-0,5 dB",99970,57.01898450,10.01602670,1813.27
2026-04-20T14:54:55.610316,-100.0,"-1,0 dB",99970,57.01893331,10.01613952,1818.00
2026-04-20T14:54:56.730093,-101.0,"-3,0 dB",99970,57.01888591,10.01626063,1823.36
2026-04-20T14:54:57.818416,-101.0,"3,0 dB",99970,57.01878470,10.01654160,1836.21
2026-04-20T14:54:58.906879,-100.0,"0,5 dB",99970,57.01878849,10.01653527,1835.97
2026-04-20T14:55:00.026615,-102.0,"0,0 dB",99970,57.01867720,10.01683760,1849.87
2026-04-20T14:55:01.114272,-101.0,"-2,0 dB",99970,57.01862300,10.01699260,1857.14
2026-04-20T14:55:02.234830,-100.0,"0,0 dB",99970,57.01862612,10.01699299,1857.26
2026-04-20T14:55:03.354649,-101.0,"1,0 dB",99970,57.01851140,10.01731050,1872.17
2026-04-20T14:55:04.474080,-101.0,"1,5 dB",99970,57.01845630,10.01747190,1879.91
2026-04-20T14:55:05.562881,-102.0,"0,0 dB",99970,57.01834200,10.01780250,1895.83
2026-04-20T14:55:06.682608,-102.0,"-2,0 dB",99970,57.01828450,10.01797220,1904.11
2026-04-20T14:55:07.770670,-101.0,"-0,5 dB",99970,57.01828383,10.01797042,1903.98
2026-04-20T14:55:08.890576,-104.0,"-1,5 dB",99970,57.01816870,10.01831490,1920.94
2026-04-20T14:55:09.978786,-108.0,"-9,0 dB",99970,57.01810980,10.01848660,1929.42
2026-04-20T14:55:11.065109,-107.0,"-7,0 dB",99970,57.01810880,10.01849012,1929.60
2026-04-20T14:55:12.186400,-110.0,"-4,5 dB",99970,57.01798800,10.01883160,1946.48
2026-04-20T14:55:13.306611,-109.0,"-5,5 dB",99970,57.01792630,10.01900720,1955.23
2026-04-20T14:55:14.425415,-111.0,"-5,0 dB",99970,57.01792888,10.01900981,1955.45
2026-04-20T14:55:15.514283,-111.0,"-7,0 dB",99970,57.01774450,10.01953480,1981.87
2026-04-20T14:55:16.602387,-113.0,"-7,5 dB",99970,57.01774153,10.01952664,1981.32
2026-04-20T14:55:17.723185,-112.0,"-3,0 dB",99970,57.01762670,10.01987750,1999.38
2026-04-20T14:55:18.842733,-110.0,"-11,0 dB",99970,57.01756780,10.02004630,2008.04
2026-04-20T14:55:45.178951,-107.0,"-4,0 dB",99970,57.01639985,10.02469483,2264.71
2026-04-20T14:55:46.266429,-109.0,"-5,5 dB",99970,57.01635930,10.02488290,2275.46
2026-04-20T14:55:47.355148,-115.0,"-10,0 dB",99970,57.01635461,10.02488363,2275.44
2026-04-20T14:55:48.475214,-126.0,"-8,5 dB",99970,57.01627776,10.02524788,2296.33
2026-04-20T14:56:26.202092,-115.0,"-5,5 dB",99970,57.01473780,10.03186700,2683.40
2026-04-20T14:56:27.322911,-127.0,"-15,0 dB",99970,57.01469615,10.03204325,2693.90
2026-04-20T14:56:28.411730,-127.0,"-16,0 dB",99970,57.01465610,10.03221450,2704.12
2026-04-20T14:58:03.579977,-104.0,"1,0 dB",99970,57.01494730,10.03155910,2665.68
2026-04-20T14:58:04.700277,-108.0,"6,0 dB",99970,57.01498058,10.03160096,2668.38
2026-04-20T14:58:05.787916,-108.0,"7,5 dB",99970,57.01501130,10.03162578,2670.03
2026-04-20T14:58:06.908064,-106.0,"6,0 dB",99970,57.01503580,10.03165020,2671.64
2026-04-20T14:58:07.996626,-111.0,"-3,5 dB",99970,57.01505301,10.03166967,2672.90
2026-04-20T14:58:09.116388,-112.0,"0,0 dB",99970,57.01506784,10.03167540,2673.33
2026-04-20T14:58:10.236306,-110.0,"3,5 dB",99970,57.01507980,10.03169640,2674.66
2026-04-20T14:58:11.356258,-112.0,"0,5 dB",99970,57.01509725,10.03171642,2675.97
2026-04-20T14:58:12.476439,-108.0,"1,5 dB",99970,57.01511697,10.03172216,2676.43
2026-04-20T14:58:13.564448,-105.0,"7,5 dB",99970,57.01516610,10.03176891,2679.53
2026-04-20T14:58:14.684204,-103.0,"4,0 dB",99970,57.01518940,10.03179086,2681.00
2026-04-20T14:58:15.772106,-103.0,"4,0 dB",99970,57.01521850,10.03182370,2683.16
2026-04-20T14:58:16.860237,-105.0,"5,0 dB",99970,57.01522012,10.03181567,2682.68
2026-04-20T14:58:17.980293,-105.0,"6,0 dB",99970,57.01528277,10.03188437,2687.22
2026-04-20T14:58:19.099104,-105.0,"8,5 dB",99970,57.01531810,10.03191420,2689.25
2026-04-20T14:58:20.220255,-107.0,"6,0 dB",99970,57.01535031,10.03195308,2691.81
2026-04-20T14:58:21.340322,-114.0,"0,5 dB",99970,57.01539333,10.03198076,2693.78
2026-04-20T14:58:22.428576,-129.0,"-20,0 dB",99970,57.01543170,10.03202500,2696.72
2026-04-20T14:58:23.515769,-134.0,"-11,5 dB",99970,57.01550511,10.03209622,2701.54
2026-04-20T14:58:59.227740,-102.0,"-1,0 dB",99970,57.01701705,10.03360300,2808.30
2026-04-20T14:59:00.314987,-101.0,"2,5 dB",99970,57.01706749,10.03363356,2810.83
2026-04-20T14:59:01.404918,-100.0,"4,0 dB",99970,57.01710490,10.03368310,2814.33
2026-04-20T14:59:02.491721,-100.0,"2,0 dB",99970,57.01713320,10.03371330,2816.54
2026-04-20T14:59:03.611700,-100.0,"3,5 dB",99970,57.01716540,10.03374350,2818.81
2026-04-20T14:59:04.700515,-100.0,"4,0 dB",99970,57.01718669,10.03375189,2819.62
2026-04-20T14:59:05.820750,-100.0,"2,0 dB",99970,57.01720510,10.03377384,2821.21
2026-04-20T14:59:06.939917,-100.0,"3,0 dB",99970,57.01723470,10.03380250,2823.35
2026-04-20T14:59:08.028593,-103.0,"0,5 dB",99970,57.01727395,10.03382634,2825.36
2026-04-20T14:59:09.116449,-103.0,"1,0 dB",99970,57.01730467,10.03385116,2827.30
2026-04-20T14:59:10.204106,-106.0,"1,0 dB",99970,57.01735260,10.03388290,2829.93
2026-04-20T14:59:11.291968,-110.0,"2,0 dB",99970,57.01740066,10.03391226,2832.42
2026-04-20T14:59:12.380825,-107.0,"0,5 dB",99970,57.01746472,10.03392947,2834.43
2026-04-20T14:59:13.501016,-107.0,"2,5 dB",99970,57.01757921,10.03397723,2839.10
2026-04-20T14:59:14.620405,-109.0,"2,0 dB",99970,57.01763838,10.03399444,2841.09
2026-04-20T14:59:15.740752,-108.0,"-1,5 dB",99970,57.01770190,10.03400980,2843.05
2026-04-20T14:59:16.860934,-104.0,"4,0 dB",99970,57.01776510,10.03403340,2845.51
2026-04-20T14:59:17.948848,-105.0,"-1,5 dB",99970,57.01782925,10.03406228,2848.32
2026-04-20T14:59:19.037069,-104.0,"-2,0 dB",99970,57.01789190,10.03409310,2851.24
2026-04-20T14:59:20.157064,-101.0,"1,5 dB",99970,57.01794985,10.03412912,2854.40
2026-04-20T14:59:21.244619,-107.0,"-3,5 dB",99970,57.01801128,10.03417876,2858.45
2026-04-20T14:59:22.332222,-107.0,"-4,5 dB",99970,57.01806930,10.03423750,2863.00
2026-04-20T14:59:23.452508,-102.0,"-3,0 dB",99970,57.01812663,10.03431044,2868.39
2026-04-20T14:59:24.540445,-101.0,"-4,0 dB",99970,57.01823390,10.03444090,2878.16
2026-04-20T14:59:25.628784,-101.0,"-4,5 dB",99970,57.01829233,10.03450797,2883.25
2026-04-20T14:59:26.747075,-101.0,"-0,5 dB",99970,57.01834756,10.03457382,2888.22
2026-04-20T14:59:27.836971,-101.0,"-0,5 dB",99970,57.01839980,10.03463820,2893.06
2026-04-20T14:59:28.956866,-100.0,"0,5 dB",99970,57.01845550,10.03470264,2897.98
2026-04-20T14:59:30.045050,-103.0,"-3,5 dB",99970,57.01851073,10.03476848,2902.98
2026-04-20T14:59:31.132364,-103.0,"-2,5 dB",99970,57.01851073,10.03476848,2902.98
2026-04-20T14:59:32.220814,-102.0,"-3,0 dB",99970,57.01855854,10.03483146,2907.67
2026-04-20T14:59:33.341117,-100.0,"-0,5 dB",99970,57.01861998,10.03488109,2911.85
2026-04-20T14:59:34.461281,-102.0,"-6,5 dB",99970,57.01872580,10.03501290,2921.84
2026-04-20T14:59:35.580658,-102.0,"-3,0 dB",99970,57.01883349,10.03514161,2931.71
2026-04-20T14:59:36.700659,-98.0,"-0,5 dB",99970,57.01888950,10.03520840,2936.85
2026-04-20T14:59:37.788480,-99.0,"-0,5 dB",99970,57.01894142,10.03527043,2941.63
2026-04-20T14:59:38.909236,-102.0,"-2,0 dB",99970,57.01900896,10.03533915,2947.15
2026-04-20T14:59:40.029070,-102.0,"-6,0 dB",99970,57.01906340,10.03541080,2952.58
2026-04-20T14:59:41.117236,-102.0,"-4,0 dB",99970,57.01912300,10.03548705,2958.40
2026-04-20T14:59:42.237456,-102.0,"-2,5 dB",99970,57.01917823,10.03555290,2963.52
2026-04-20T14:59:43.357337,-103.0,"-5,5 dB",99970,57.01923840,10.03561290,2968.40
2026-04-20T14:59:44.477336,-101.0,"-1,0 dB",99970,57.01929358,10.03568459,2973.89
2026-04-20T14:59:45.596671,-100.0,"-2,0 dB",99970,57.01941320,10.03581040,2984.05
2026-04-20T14:59:46.685204,-99.0,"0,0 dB",99970,57.01946990,10.03587300,2989.06
2026-04-20T14:59:47.772680,-101.0,"-3,5 dB",99970,57.01952560,10.03593178,2993.82
2026-04-20T14:59:48.860785,-102.0,"-2,0 dB",99970,57.01957830,10.03600700,2999.50
2026-04-20T14:59:49.981313,-100.0,"-2,0 dB",99970,57.01963222,10.03607682,3004.90
2026-04-20T14:59:51.100842,-101.0,"-3,5 dB",99970,57.01968745,10.03614266,3010.10
2026-04-20T14:59:52.189123,-99.0,"-5,5 dB",99970,57.01974670,10.03621150,3015.58
2026-04-20T14:59:53.309197,-100.0,"-4,0 dB",99970,57.01980280,10.03627436,3020.65
2026-04-20T14:59:54.397228,-99.0,"-2,5 dB",99970,57.01985803,10.03634021,3025.88
2026-04-20T14:59:55.517089,-100.0,"-3,5 dB",99970,57.01997696,10.03648812,3037.52
2026-04-20T14:59:56.637254,-99.0,"-0,5 dB",99970,57.02003219,10.03655398,3042.78
2026-04-20T14:59:57.757473,-100.0,"-2,0 dB",99970,57.02008760,10.03661410,3047.71
2026-04-20T14:59:58.877021,-100.0,"0,0 dB",99970,57.02014754,10.03668568,3053.44
2026-04-20T14:59:59.997614,-100.0,"0,0 dB",99970,57.02019666,10.03673245,3057.44
2026-04-20T15:00:01.083568,-100.0,"-0,5 dB",99970,57.02025570,10.03680100,3062.99
2026-04-20T15:00:02.171326,-100.0,"-1,0 dB",99970,57.02030460,10.03686128,3067.79
2026-04-20T15:00:03.261239,-100.0,"-2,5 dB",99970,57.02035983,10.03692713,3073.10
2026-04-20T15:00:04.381361,-100.0,"-3,5 dB",99970,57.02041280,10.03698780,3078.05
2026-04-20T15:00:05.501410,-101.0,"-4,0 dB",99970,57.02052430,10.03710561,3087.91
2026-04-20T15:00:06.621342,-101.0,"-3,5 dB",99970,57.02058130,10.03716830,3093.11
2026-04-20T15:00:07.741385,-101.0,"-2,5 dB",99970,57.02063965,10.03723731,3098.73
2026-04-20T15:00:08.861261,-102.0,"-6,5 dB",99970,57.02069620,10.03728695,3103.17
2026-04-20T15:00:09.949063,-102.0,"-3,5 dB",99970,57.02075560,10.03735220,3108.61
2026-04-20T15:00:11.037616,-101.0,"-3,5 dB",99970,57.02081644,10.03741866,3114.17
2026-04-20T15:00:12.157544,-103.0,"-5,0 dB",99970,57.02087298,10.03746830,3118.64
2026-04-20T15:00:13.244905,-102.0,"-3,5 dB",99970,57.02093370,10.03753730,3124.37
2026-04-20T15:00:14.365627,-103.0,"-6,5 dB",99970,57.02100063,10.03760287,3130.08
2026-04-20T15:00:15.485444,-103.0,"-3,5 dB",99970,57.02105586,10.03766873,3135.49
2026-04-20T15:00:16.604958,-102.0,"-1,0 dB",99970,57.02117253,10.03778422,3145.56
2026-04-20T15:00:17.724500,-102.0,"-2,0 dB",99970,57.02123264,10.03785008,3151.13
2026-04-20T15:00:18.845186,-103.0,"-5,5 dB",99970,57.02128370,10.03791170,3156.21
2026-04-20T15:00:19.932848,-104.0,"-5,5 dB",99970,57.02133700,10.03796270,3160.73
2026-04-20T15:00:21.021916,-103.0,"-5,0 dB",99970,57.02139712,10.03802856,3166.33
2026-04-20T15:00:22.109104,-101.0,"-2,5 dB",99970,57.02144930,10.03808670,3171.26
2026-04-20T15:00:23.197350,-101.0,"-3,5 dB",99970,57.02150148,10.03814119,3175.97
2026-04-20T15:00:24.317569,-101.0,"-4,0 dB",99970,57.02155549,10.03818796,3180.30
2026-04-20T15:00:25.437480,-101.0,"-1,5 dB",99970,57.02159560,10.03823550,3184.27
2026-04-20T15:00:26.557770,-102.0,"-2,5 dB",99970,57.02165985,10.03830059,3189.99
2026-04-20T15:00:27.677767,-100.0,"0,5 dB",99970,57.02167440,10.03831390,3191.20
2026-04-20T15:00:28.765339,-103.0,"-3,0 dB",99970,57.02167826,10.03832254,3191.82
2026-04-20T15:00:29.853625,-103.0,"-5,5 dB",99970,57.02169056,10.03832541,3192.36
2026-04-20T15:00:30.973559,-103.0,"-2,5 dB",99970,57.02170300,10.03833850,3193.50
2026-04-20T15:00:32.093054,-104.0,"1,0 dB",99970,57.02172616,10.03835023,3194.88
2026-04-20T15:00:33.180033,-97.0,"5,0 dB",99970,57.02174720,10.03833976,3194.91
2026-04-20T15:00:34.301593,-97.0,"4,5 dB",99970,57.02177700,10.03830690,3193.90
2026-04-20T15:00:35.421600,-97.0,"-0,5 dB",99970,57.02179941,10.03825397,3191.51
2026-04-20T15:00:36.539702,-95.0,"3,0 dB",99970,57.02182370,10.03810010,3183.30
2026-04-20T15:00:37.629453,-102.0,"2,5 dB",99970,57.02183508,10.03799457,3177.51
2026-04-20T15:00:38.717688,-98.0,"5,5 dB",99970,57.02184916,10.03788108,3171.35
2026-04-20T15:00:39.837652,-99.0,"0,0 dB",99970,57.02186700,10.03775010,3164.29
2026-04-20T15:00:40.923641,-99.0,"0,0 dB",99970,57.02188379,10.03760834,3156.58
2026-04-20T15:00:42.011844,-99.0,"2,0 dB",99970,57.02190538,10.03746243,3148.78
2026-04-20T15:00:43.099975,-100.0,"0,5 dB",99970,57.02191940,10.03731370,3140.59
2026-04-20T15:00:44.187995,-98.0,"1,0 dB",99970,57.02194010,10.03715439,3132.00
2026-04-20T15:00:45.275915,-97.0,"3,5 dB",99970,57.02195943,10.03697606,3122.27
2026-04-20T15:00:46.365415,-97.0,"3,0 dB",99970,57.02197730,10.03679920,3112.59
2026-04-20T15:00:47.485537,-101.0,"-0,5 dB",99970,57.02199809,10.03661938,3102.84
2026-04-20T15:00:48.605512,-97.0,"7,0 dB",99970,57.02203550,10.03624160,3082.18
2026-04-20T15:00:49.725552,-97.0,"5,5 dB",99970,57.02205617,10.03604907,3071.72
2026-04-20T15:00:50.814206,-98.0,"7,0 dB",99970,57.02207681,10.03585452,3061.15
2026-04-20T15:00:51.933785,-97.0,"1,5 dB",99970,57.02209270,10.03566090,3050.49
2026-04-20T15:00:53.021718,-102.0,"1,5 dB",99970,57.02211068,10.03546255,3039.64
2026-04-20T15:00:54.140928,-97.0,"2,5 dB",99970,57.02212643,10.03526800,3028.93
2026-04-20T15:00:55.229206,-100.0,"-3,0 dB",99970,57.02214750,10.03507460,3018.49
2026-04-20T15:00:56.317578,-100.0,"1,5 dB",99970,57.02216518,10.03487602,3007.64
2026-04-20T15:00:57.437928,-97.0,"-1,5 dB",99970,57.02218582,10.03468147,2997.13
2026-04-20T15:00:58.558100,-99.0,"0,5 dB",99970,57.02221479,10.03428950,2975.56
2026-04-20T15:00:59.678058,-97.0,"-1,0 dB",99970,57.02222932,10.03407586,2963.78
2026-04-20T15:01:00.798214,-100.0,"-4,5 dB",99970,57.02224550,10.03388170,2953.18
2026-04-20T15:01:01.885240,-99.0,"-1,0 dB",99970,57.02225576,10.03368102,2942.01
2026-04-20T15:01:02.974013,-99.0,"-2,5 dB",99970,57.02227771,10.03347025,2930.68
2026-04-20T15:01:04.093612,-100.0,"1,0 dB",99970,57.02228580,10.03326800,2919.37
2026-04-20T15:01:05.181540,-99.0,"0,5 dB",99970,57.02230057,10.03305919,2907.92
2026-04-20T15:01:06.269459,-100.0,"-0,5 dB",99970,57.02231510,10.03284556,2896.20
2026-04-20T15:01:07.389776,-98.0,"0,0 dB",99970,57.02232650,10.03264090,2884.89
2026-04-20T15:01:08.509788,-103.0,"3,5 dB",99970,57.02235249,10.03222086,2861.80
2026-04-20T15:01:09.597503,-98.0,"-2,0 dB",99970,57.02236250,10.03200660,2849.92
2026-04-20T15:01:10.685831,-101.0,"-0,5 dB",99970,57.02237413,10.03179073,2838.02
2026-04-20T15:01:11.773856,-98.0,"0,0 dB",99970,57.02238866,10.03157709,2826.37
2026-04-20T15:01:12.860468,-101.0,"-3,0 dB",99970,57.02239700,10.03136610,2814.64
2026-04-20T15:01:13.949710,-102.0,"-3,0 dB",99970,57.02240541,10.03114695,2802.47
2026-04-20T15:01:15.069866,-101.0,"-2,5 dB",99970,57.02241994,10.03093331,2790.85
2026-04-20T15:01:16.190029,-101.0,"-1,5 dB",99970,57.02242790,10.03072710,2779.41
2026-04-20T15:01:17.310065,-99.0,"1,0 dB",99970,57.02243537,10.03051938,2767.88
2026-04-20T15:01:18.430034,-100.0,"0,0 dB",99970,57.02243759,10.03030288,2755.66
2026-04-20T15:01:19.550124,-99.0,"4,0 dB",99970,57.02245434,10.02987273,2731.88
2026-04-20T15:01:20.669769,-102.0,"-1,5 dB",99970,57.02246398,10.02965910,2720.14
2026-04-20T15:01:21.789884,-99.0,"5,5 dB",99970,57.02246480,10.02944610,2708.10
2026-04-20T15:01:22.909255,-102.0,"1,5 dB",99970,57.02246842,10.02922609,2695.78
2026-04-20T15:01:23.998108,-102.0,"1,0 dB",99970,57.02247552,10.02900958,2683.80
2026-04-20T15:01:25.118140,-105.0,"-1,5 dB",99970,57.02247790,10.02880050,2672.07
2026-04-20T15:01:26.238128,-105.0,"-2,5 dB",99970,57.02247996,10.02857657,2659.50
2026-04-20T15:01:27.358381,-110.0,"-3,5 dB",99970,57.02248218,10.02836007,2647.36
2026-04-20T15:01:28.477408,-107.0,"-3,5 dB",99970,57.02248330,10.02814680,2635.37
2026-04-20T15:01:29.565719,-105.0,"1,0 dB",99970,57.02248630,10.02770768,2610.73
2026-04-20T15:01:30.653722,-106.0,"-4,0 dB",99970,57.02248550,10.02748450,2598.13
2026-04-20T15:01:31.741599,-107.0,"-8,0 dB",99970,57.02249204,10.02725846,2585.68
2026-04-20T15:01:32.861343,-110.0,"-4,5 dB",99970,57.02248195,10.02703909,2572.93
2026-04-20T15:01:33.982236,-115.0,"-12,5 dB",99970,57.02248547,10.02680637,2560.00
2026-04-20T15:01:35.101223,-120.0,"-5,5 dB",99970,57.02248027,10.02658700,2547.47
2026-04-20T15:01:36.188678,-116.0,"-5,0 dB",99970,57.02247638,10.02635141,2534.09
2026-04-20T15:01:37.310070,-127.0,"-7,5 dB",99970,57.02247990,10.02611869,2521.19
2026-04-20T15:01:40.670058,-111.0,"-13,5 dB",99970,57.02245681,10.02520878,2469.31
2026-04-20T15:01:41.758253,-110.0,"-1,0 dB",99970,57.02246034,10.02497606,2456.47
2026-04-20T15:02:09.181408,-94.0,"12,5 dB",99970,57.02233624,10.02126297,2245.18
2026-04-20T15:02:10.268303,-98.0,"9,5 dB",99970,57.02233624,10.02126297,2245.18
2026-04-20T15:02:11.389956,-98.0,"10,0 dB",99970,57.02233624,10.02126297,2245.18
2026-04-20T15:02:12.478458,-102.0,"2,0 dB",99970,57.02233624,10.02126297,2245.18
2026-04-20T15:02:13.598287,-95.0,"11,0 dB",99970,57.02233624,10.02126297,2245.18
2026-04-20T15:02:14.718526,-96.0,"12,0 dB",99970,57.02233624,10.02126297,2245.18
2026-04-20T15:02:15.836920,-101.0,"5,0 dB",99970,57.02233624,10.02126297,2245.18
2026-04-20T15:02:16.924544,-99.0,"2,5 dB",99970,57.02233624,10.02126297,2245.18
2026-04-20T15:02:18.014299,-102.0,"7,5 dB",99970,57.02233267,10.02124676,2244.12
2026-04-20T15:02:19.100530,-104.0,"4,5 dB",99970,57.02233276,10.02121147,2242.18
2026-04-20T15:02:20.190605,-97.0,"10,0 dB",99970,57.02233180,10.02116283,2239.46
2026-04-20T15:02:21.310192,-98.0,"10,5 dB",99970,57.02232221,10.02109224,2235.14
2026-04-20T15:02:22.430784,-97.0,"10,5 dB",99970,57.02232135,10.02100831,2230.49
2026-04-20T15:02:23.550161,-97.0,"9,0 dB",99970,57.02230862,10.02082137,2219.63
2026-04-20T15:02:24.670150,-99.0,"7,0 dB",99970,57.02230165,10.02071836,2213.65
2026-04-20T15:02:25.790075,-106.0,"-4,0 dB",99970,57.02229110,10.02059913,2206.61
2026-04-20T15:02:26.908277,-102.0,"6,5 dB",99970,57.02228413,10.02049612,2200.63
2026-04-20T15:02:27.998285,-102.0,"6,0 dB",99970,57.02226616,10.02037403,2193.09
2026-04-20T15:02:29.086332,-102.0,"6,0 dB",99970,57.02224331,10.02025195,2185.32
2026-04-20T15:02:30.174601,-101.0,"5,5 dB",99970,57.02222665,10.02011364,2176.96
2026-04-20T15:02:31.261455,-103.0,"3,5 dB",99970,57.02220868,10.01999156,2169.42
2026-04-20T15:02:32.350711,-105.0,"3,5 dB",99970,57.02218461,10.01985039,2160.55
2026-04-20T15:02:33.436690,-104.0,"0,5 dB",99970,57.02216795,10.01971209,2152.19
2026-04-20T15:02:34.559210,-101.0,"7,5 dB",99970,57.02213857,10.01938684,2133.00
2026-04-20T15:02:35.678175,-102.0,"8,5 dB",99970,57.02212322,10.01923233,2123.83
2026-04-20T15:02:36.766734,-104.0,"1,5 dB",99970,57.02211050,10.01904539,2113.01
2026-04-20T15:02:37.886512,-103.0,"3,0 dB",99970,57.02209393,10.01887180,2102.74
2026-04-20T15:02:39.006941,-105.0,"3,0 dB",99970,57.02207500,10.01870107,2092.52
2026-04-20T15:02:40.126917,-104.0,"2,5 dB",99970,57.02206228,10.01851413,2081.71
2026-04-20T15:02:41.213177,-105.0,"0,0 dB",99970,57.02204082,10.01834054,2071.22
2026-04-20T15:02:42.301987,-105.0,"3,5 dB",99970,57.02202557,10.01815073,2060.15
2026-04-20T15:02:43.390652,-108.0,"-0,5 dB",99970,57.02201284,10.01796379,2049.36
2026-04-20T15:02:44.510680,-104.0,"7,0 dB",99970,57.02197377,10.01760326,2027.86
2026-04-20T15:02:45.598336,-104.0,"3,0 dB",99970,57.02195362,10.01741345,2016.57
2026-04-20T15:02:46.686057,-105.0,"5,0 dB",99970,57.02193347,10.01722365,2005.29
2026-04-20T15:02:47.774589,-108.0,"-3,5 dB",99970,57.02191201,10.01705006,1994.82
2026-04-20T15:02:48.862064,-109.0,"-4,5 dB",99970,57.02188567,10.01687647,1984.11
2026-04-20T15:02:49.949113,-105.0,"4,0 dB",99970,57.02186552,10.01668667,1972.84
2026-04-20T15:02:51.038772,-104.0,"3,5 dB",99970,57.02185148,10.01651594,1962.91
2026-04-20T15:02:52.126494,-105.0,"3,5 dB",99970,57.02182514,10.01634235,1952.21
2026-04-20T15:02:53.246704,-105.0,"3,0 dB",99970,57.02179757,10.01614969,1940.42
2026-04-20T15:02:54.367115,-105.0,"4,5 dB",99970,57.02177611,10.01597610,1929.97
2026-04-20T15:02:55.487111,-106.0,"5,5 dB",99970,57.02175107,10.01578629,1918.48
2026-04-20T15:02:56.574834,-105.0,"6,0 dB",99970,57.02170336,10.01540383,1895.46
2026-04-20T15:02:57.694913,-109.0,"-4,0 dB",99970,57.02167963,10.01519781,1883.17
2026-04-20T15:02:58.783110,-111.0,"-1,0 dB",99970,57.02164717,10.01500515,1871.15
2026-04-20T15:02:59.901570,-116.0,"-2,0 dB",99970,57.02162702,10.01481535,1859.93
2026-04-20T15:03:00.990654,-117.0,"-3,5 dB",99970,57.02160076,10.01460647,1847.37
2026-04-20T15:03:02.110534,-115.0,"-4,5 dB",99970,57.02156831,10.01441381,1835.36
2026-04-20T15:03:03.262382,-121.0,"-10,0 dB",99970,57.02154816,10.01422401,1824.15
2026-04-20T15:03:04.382067,-114.0,"-4,5 dB",99970,57.02151570,10.01403134,1812.16
2026-04-20T15:03:05.471008,-122.0,"-6,0 dB",99970,57.02149686,10.01382533,1800.16
2026-04-20T15:03:06.590754,-112.0,"-5,5 dB",99970,57.02144424,10.01344287,1776.98
2026-04-20T15:03:07.710487,-112.0,"-3,5 dB",99970,57.02141179,10.01325021,1765.00
2026-04-20T15:03:08.831144,-111.0,"-5,0 dB",99970,57.02139163,10.01306041,1753.82
2026-04-20T15:03:09.950415,-116.0,"-6,0 dB",99970,57.02136406,10.01286775,1742.11
2026-04-20T15:03:11.070928,-127.0,"-10,0 dB",99970,57.02133902,10.01267795,1730.68
2026-04-20T15:03:12.191183,-143.0,"-18,5 dB",99970,57.02132018,10.01247194,1718.73
2026-04-20T15:05:32.672049,-67.1,,23820,57.02207797,10.01970538,2147.57
2026-04-20T15:05:33.760198,-83.9,,23820,57.02208015,10.01977310,2151.38
2026-04-20T15:05:34.848521,-84.2,,23820,57.02208232,10.01984082,2155.20
2026-04-20T15:05:35.968087,-84.2,,23820,57.02208712,10.01987611,2157.36
2026-04-20T15:05:37.088377,-84.2,,23820,57.02209680,10.01991140,2159.75
2026-04-20T15:05:38.208437,-84.2,,23820,57.02209418,10.01994383,2161.41
2026-04-20T15:05:39.296120,-84.2,,23820,57.02210029,10.01996291,2162.74
2026-04-20T15:05:40.416144,-84.2,,23820,57.02210518,10.01996291,2162.97
2026-04-20T15:05:41.504364,-84.2,,23820,57.02211128,10.01998199,2164.31
2026-04-20T15:05:42.591704,-84.2,,23820,57.02211128,10.01998199,2164.31
2026-04-20T15:05:43.680386,-84.2,,23820,57.02210997,10.01999820,2165.13
2026-04-20T15:05:44.767706,-84.2,,23820,57.02210735,10.02003063,2166.79
2026-04-20T15:05:45.888398,-84.2,,23820,57.02211215,10.02006592,2168.95
2026-04-20T15:05:46.976609,-84.2,,23820,57.02211441,10.02009834,2170.84
2026-04-20T15:05:48.064295,-84.2,,23820,57.02211921,10.02013364,2173.00
2026-04-20T15:05:49.152208,-84.2,,23820,57.02212890,10.02016893,2175.39
2026-04-20T15:05:50.240379,-84.2,,23820,57.02213849,10.02023951,2179.72
2026-04-20T15:05:51.360445,-84.2,,23820,57.02215297,10.02031009,2184.27
2026-04-20T15:05:52.480619,-84.2,,23820,57.02216125,10.02039689,2189.43
2026-04-20T15:05:53.600134,-96.0,"13,5 dB",99970,57.02219239,10.02060578,2202.36
2026-04-20T15:05:54.688263,-97.0,"13,5 dB",99970,57.02222135,10.02074694,2211.46
2026-04-20T15:05:55.806764,-97.0,"11,0 dB",99970,57.02223801,10.02088525,2219.84
2026-04-20T15:05:56.896612,-98.0,"11,0 dB",99970,57.02224846,10.02103976,2228.83
2026-04-20T15:05:58.016606,-101.0,"7,5 dB",99970,57.02226250,10.02121049,2238.87
2026-04-20T15:05:59.136624,-99.0,"9,0 dB",99970,57.02227653,10.02138122,2248.92
2026-04-20T15:06:00.256625,-99.0,"7,5 dB",99970,57.02228925,10.02156816,2259.81
2026-04-20T15:06:01.376495,-97.0,"9,5 dB",99970,57.02229578,10.02177132,2271.31
2026-04-20T15:06:02.496304,-99.0,"8,5 dB",99970,57.02230719,10.02197448,2283.05
2026-04-20T15:06:03.584234,-98.0,"8,5 dB",99970,57.02233743,10.02238365,2307.03
2026-04-20T15:06:04.704593,-97.0,"9,5 dB",99970,57.02234395,10.02258681,2318.56
2026-04-20T15:06:05.792624,-99.0,"7,0 dB",99970,57.02235405,10.02280618,2331.16
2026-04-20T15:06:06.880609,-98.0,"6,0 dB",99970,57.02236668,10.02302842,2344.04
2026-04-20T15:06:07.968612,-98.0,"8,0 dB",99970,57.02237677,10.02324779,2356.65
2026-04-20T15:06:09.088320,-97.0,"7,5 dB",99970,57.02238329,10.02345095,2368.22
2026-04-20T15:06:10.176850,-98.0,"7,0 dB",99970,57.02239339,10.02367032,2380.85
2026-04-20T15:06:11.264102,-100.0,"6,5 dB",99970,57.02239860,10.02388969,2393.27
2026-04-20T15:06:12.384623,-98.0,"7,0 dB",99970,57.02240870,10.02410906,2405.92
2026-04-20T15:06:13.503990,-103.0,"-0,5 dB",99970,57.02243142,10.02455067,2431.50
2026-04-20T15:06:14.592127,-105.0,"-0,5 dB",99970,57.02242790,10.02478338,2444.32
2026-04-20T15:06:15.680610,-110.0,"-9,5 dB",99970,57.02243799,10.02500276,2457.00
2026-04-20T15:06:16.768614,-107.0,"-1,5 dB",99970,57.02244320,10.02522213,2469.47
2026-04-20T15:06:17.888291,-110.0,"-6,5 dB",99970,57.02245329,10.02544150,2482.17
2026-04-20T15:06:19.009578,-108.0,"-8,0 dB",99970,57.02245108,10.02565801,2494.18
2026-04-20T15:06:20.128189,-110.0,"-5,5 dB",99970,57.02245628,10.02587738,2506.68
2026-04-20T15:06:21.248496,-111.0,"-5,0 dB",99970,57.02246149,10.02609675,2519.19
2026-04-20T15:06:22.335038,-119.0,"-5,5 dB",99970,57.02246059,10.02629704,2530.38
2026-04-20T15:06:23.456630,-111.0,"-10,0 dB",99970,57.02246579,10.02651641,2542.90
2026-04-20T15:06:24.576425,-113.0,"0,5 dB",99970,57.02247367,10.02695229,2567.71
2026-04-20T15:06:25.696478,-107.0,"-1,0 dB",99970,57.02247014,10.02718501,2580.65
2026-04-20T15:06:26.784263,-107.0,"-4,5 dB",99970,57.02246793,10.02740151,2592.74
2026-04-20T15:06:27.872434,-108.0,"-6,0 dB",99970,57.02246082,10.02761802,2604.64
2026-04-20T15:06:28.960368,-107.0,"-4,5 dB",99970,57.02246471,10.02785360,2618.08
2026-04-20T15:06:30.080840,-105.0,"-1,0 dB",99970,57.02246250,10.02807011,2630.20
2026-04-20T15:06:31.200162,-107.0,"0,0 dB",99970,57.02245897,10.02830283,2643.20
2026-04-20T15:06:32.320331,-103.0,"2,5 dB",99970,57.02245675,10.02851933,2655.34
2026-04-20T15:06:33.440699,-103.0,"3,5 dB",99970,57.02245322,10.02875205,2668.35
2026-04-20T15:06:34.560385,-101.0,"0,0 dB",99970,57.02244747,10.02920127,2693.55
2026-04-20T15:06:35.680581,-102.0,"0,0 dB",99970,57.02244037,10.02941778,2705.54
2026-04-20T15:06:36.800450,-101.0,"-1,5 dB",99970,57.02243684,10.02965050,2718.59
2026-04-20T15:06:37.920359,-102.0,"-3,5 dB",99970,57.02243462,10.02986700,2730.79
2026-04-20T15:06:39.009080,-101.0,"-2,0 dB",99970,57.02242620,10.03009972,2743.68
2026-04-20T15:06:40.096736,-103.0,"-4,0 dB",99970,57.02241656,10.03031336,2755.45
2026-04-20T15:06:41.183384,-102.0,"-2,5 dB",99970,57.02240945,10.03052986,2767.49
2026-04-20T15:06:42.272509,-102.0,"-2,0 dB",99970,57.02239850,10.03075971,2780.15
2026-04-20T15:06:43.392696,-101.0,"-4,5 dB",99970,57.02239139,10.03097621,2792.21
2026-04-20T15:06:44.486596,-99.0,"-2,0 dB",99970,57.02238175,10.03118985,2804.03
2026-04-20T15:06:45.585962,-98.0,"-2,5 dB",99970,57.02236369,10.03163620,2828.82
2026-04-20T15:06:46.684952,-98.0,"-0,5 dB",99970,57.02236015,10.03186892,2841.97
2026-04-20T15:06:47.781643,-99.0,"-5,5 dB",99970,57.02234562,10.03208256,2853.65
2026-04-20T15:06:48.877488,-99.0,"-1,5 dB",99970,57.02233109,10.03229619,2865.33
2026-04-20T15:06:49.971923,-100.0,"-4,5 dB",99970,57.02231525,10.03252604,2877.91
2026-04-20T15:06:51.066107,-100.0,"0,0 dB",99970,57.02230561,10.03273968,2889.79
2026-04-20T15:06:52.160055,-101.0,"0,0 dB",99970,57.02229719,10.03297239,2902.82
2026-04-20T15:06:53.252530,-100.0,"4,0 dB",99970,57.02228265,10.03318603,2914.55
2026-04-20T15:06:54.344586,-99.0,"2,5 dB",99970,57.02226812,10.03339966,2926.29
2026-04-20T15:06:55.435555,-99.0,"5,5 dB",99970,57.02224617,10.03361043,2937.62
2026-04-20T15:06:56.525500,-99.0,"0,0 dB",99970,57.02221580,10.03405391,2962.05
2026-04-20T15:06:57.617919,-99.0,"8,0 dB",99970,57.02219995,10.03428376,2974.72
2026-04-20T15:06:58.708787,-102.0,"0,0 dB",99970,57.02218542,10.03449739,2986.52
2026-04-20T15:06:59.831272,-101.0,"5,0 dB",99970,57.02216347,10.03470816,2997.91
2026-04-20T15:07:00.921054,-102.0,"3,0 dB",99970,57.02214893,10.03492179,3009.72
2026-04-20T15:07:02.043049,-98.0,"9,0 dB",99970,57.02212698,10.03513256,3021.14
2026-04-20T15:07:03.164219,-103.0,"3,0 dB",99970,57.02211245,10.03534619,3032.98
2026-04-20T15:07:04.253846,-100.0,"2,5 dB",99970,57.02209050,10.03555696,3044.41
2026-04-20T15:07:05.373260,-100.0,"3,5 dB",99970,57.02206854,10.03576772,3055.86
2026-04-20T15:07:06.464715,-100.0,"5,0 dB",99970,57.02205269,10.03599757,3068.63
2026-04-20T15:07:07.553510,-102.0,"3,5 dB",99970,57.02200390,10.03641909,3091.43
2026-04-20T15:07:08.674687,-100.0,"1,5 dB",99970,57.02198194,10.03662985,3102.93
2026-04-20T15:07:09.763864,-101.0,"8,0 dB",99970,57.02195510,10.03684062,3114.28
2026-04-20T15:07:10.852825,-100.0,"0,5 dB",99970,57.02193446,10.03703517,3124.91
2026-04-20T15:07:11.973249,-101.0,"2,5 dB",99970,57.02191250,10.03724593,3136.44
2026-04-20T15:07:13.063188,-98.0,"6,0 dB",99970,57.02189186,10.03744048,3147.08
2026-04-20T15:07:14.182894,-98.0,"4,0 dB",99970,57.02186764,10.03761882,3156.68
2026-04-20T15:07:15.303603,-100.0,"-2,5 dB",99970,57.02184962,10.03778094,3165.54
2026-04-20T15:07:16.392512,-99.0,"-4,0 dB",99970,57.02183292,10.03792685,3173.51
2026-04-20T15:07:17.513515,-99.0,"-4,0 dB",99970,57.02180476,10.03815382,3185.84
2026-04-20T15:07:18.634436,-103.0,"3,0 dB",99970,57.02178589,10.03823202,3189.82
2026-04-20T15:07:19.722979,-104.0,"-1,0 dB",99970,57.02176223,10.03827491,3191.59
2026-04-20T15:07:20.811414,-110.0,"-3,5 dB",99970,57.02172269,10.03829873,3191.78
2026-04-20T15:07:21.932275,-104.0,"-4,5 dB",99970,57.02169197,10.03827391,3189.40
2026-04-20T15:07:23.053202,-109.0,"-5,0 dB",99970,57.02166125,10.03824909,3187.03
2026-04-20T15:07:24.173785,-110.0,"-8,0 dB",99970,57.02162443,10.03820518,3183.37
2026-04-20T15:07:25.262289,-108.0,"-5,5 dB",99970,57.02159372,10.03818036,3181.00
2026-04-20T15:07:26.382901,-105.0,"-5,5 dB",99970,57.02156432,10.03813932,3177.73
2026-04-20T15:07:27.503223,-105.0,"-5,5 dB",99970,57.02148448,10.03806773,3171.19
2026-04-20T15:07:28.590922,-106.0,"-4,0 dB",99970,57.02144766,10.03802383,3167.54
2026-04-20T15:07:29.678689,-108.0,"-6,0 dB",99970,57.02140595,10.03797992,3163.75
2026-04-20T15:07:30.768850,-112.0,"-6,0 dB",99970,57.02136913,10.03793602,3160.11
2026-04-20T15:07:31.857456,-108.0,"-5,5 dB",99970,57.02132742,10.03789212,3156.33
2026-04-20T15:07:32.946252,-106.0,"-3,5 dB",99970,57.02128318,10.03784534,3152.31
2026-04-20T15:07:34.066916,-108.0,"-4,5 dB",99970,57.02124147,10.03780144,3148.54
2026-04-20T15:07:35.187419,-108.0,"-5,0 dB",99970,57.02119235,10.03775467,3144.40
2026-04-20T15:07:36.275988,-107.0,"-8,0 dB",99970,57.02114322,10.03770790,3140.26
2026-04-20T15:07:37.364599,-114.0,"-11,0 dB",99970,57.02110640,10.03766399,3136.64
2026-04-20T15:07:38.485091,-111.0,"-6,0 dB",99970,57.02105727,10.03761722,3132.51
2026-04-20T15:07:39.605754,-112.0,"-7,5 dB",99970,57.02096522,10.03750746,3123.50
2026-04-20T15:07:40.694000,-109.0,"-6,5 dB",99970,57.02091610,10.03746069,3119.39
2026-04-20T15:07:41.814926,-109.0,"-6,0 dB",99970,57.02086697,10.03741392,3115.29
2026-04-20T15:07:42.903537,-109.0,"-4,0 dB",99970,57.02081784,10.03736715,3111.19
2026-04-20T15:07:43.992248,-110.0,"-6,5 dB",99970,57.02076872,10.03732038,3107.10
2026-04-20T15:07:45.079898,-109.0,"-8,5 dB",99970,57.02072090,10.03725739,3102.10
2026-04-20T15:07:46.169020,-111.0,"-7,5 dB",99970,57.02067178,10.03721062,3098.03
2026-04-20T15:07:47.290126,-109.0,"-6,5 dB",99970,57.02061655,10.03714477,3092.67
2026-04-20T15:07:48.408845,-111.0,"-2,5 dB",99970,57.02056742,10.03709800,3088.61
2026-04-20T15:07:49.530164,-108.0,"-5,5 dB",99970,57.02046306,10.03698538,3079.23
2026-04-20T15:07:50.618701,-107.0,"-5,5 dB",99970,57.02041525,10.03692240,3074.27
2026-04-20T15:07:51.707848,-106.0,"-4,5 dB",99970,57.02035871,10.03687276,3069.87
2026-04-20T15:07:52.828579,-106.0,"-1,5 dB",99970,57.02031089,10.03680977,3064.92
2026-04-20T15:07:53.948483,-105.0,"-6,0 dB",99970,57.02025077,10.03674392,3059.50
2026-04-20T15:07:55.069618,-105.0,"-3,0 dB",99970,57.02020296,10.03668094,3054.57
2026-04-20T15:07:56.190348,-105.0,"-2,5 dB",99970,57.02014284,10.03661509,3049.16
2026-04-20T15:07:57.278321,-103.0,"-2,5 dB",99970,57.02009503,10.03655211,3044.24
2026-04-20T15:07:58.366893,-105.0,"-3,5 dB",99970,57.02003980,10.03648626,3038.97
2026-04-20T15:07:59.487371,-106.0,"-4,0 dB",99970,57.01997968,10.03642041,3033.60
2026-04-20T15:08:00.575931,-105.0,"-4,0 dB",99970,57.01987663,10.03629158,3023.46
2026-04-20T15:08:01.696410,-109.0,"-6,0 dB",99970,57.01982009,10.03624194,3019.15
2026-04-20T15:08:02.817339,-109.0,"-5,0 dB",99970,57.01977228,10.03617896,3014.27
2026-04-20T15:08:03.905477,-107.0,"-5,0 dB",99970,57.01971216,10.03611311,3008.94
2026-04-20T15:08:05.026398,-104.0,"-3,5 dB",99970,57.01966923,10.03605013,3004.20
2026-04-20T15:08:06.146743,-105.0,"-5,5 dB",99970,57.01962142,10.03598715,2999.34
2026-04-20T15:08:07.234911,-105.0,"-2,5 dB",99970,57.01956618,10.03592130,2994.15
2026-04-20T15:08:08.323131,-104.0,"0,0 dB",99970,57.01951837,10.03585832,2989.31
2026-04-20T15:08:09.412727,-105.0,"-3,5 dB",99970,57.01945825,10.03579247,2984.02
2026-04-20T15:08:10.532757,-111.0,"-4,0 dB",99970,57.01934290,10.03566078,2973.59
2026-04-20T15:08:11.654046,-110.0,"-3,5 dB",99970,57.01928767,10.03559493,2968.44
2026-04-20T15:08:12.742335,-109.0,"-2,0 dB",99970,57.01922755,10.03552908,2963.19
2026-04-20T15:08:13.862939,-110.0,"-2,5 dB",99970,57.01917973,10.03546610,2958.40
2026-04-20T15:08:14.983293,-108.0,"-4,0 dB",99970,57.01911961,10.03540026,2953.17
2026-04-20T15:08:16.072074,-107.0,"-3,5 dB",99970,57.01906438,10.03533441,2948.06
2026-04-20T15:08:17.192466,-103.0,"-4,5 dB",99970,57.01900426,10.03526857,2942.86
2026-04-20T15:08:18.313045,-103.0,"-0,5 dB",99970,57.01895776,10.03518938,2937.16
2026-04-20T15:08:19.433467,-108.0,"-4,5 dB",99970,57.01889764,10.03512353,2931.98
2026-04-20T15:08:20.554202,-108.0,"-1,0 dB",99970,57.01877356,10.03500518,2922.36
2026-04-20T15:08:21.674937,-109.0,"-3,0 dB",99970,57.01871833,10.03493934,2917.31
2026-04-20T15:08:22.763663,-112.0,"-4,5 dB",99970,57.01867182,10.03486015,2911.65
2026-04-20T15:08:23.883331,-111.0,"-6,0 dB",99970,57.01861039,10.03481051,2907.46
2026-04-20T15:08:25.004599,-108.0,"-1,5 dB",99970,57.01855027,10.03474467,2902.34
2026-04-20T15:08:26.125340,-109.0,"-0,5 dB",99970,57.01849504,10.03467882,2897.33
2026-04-20T15:08:27.245863,-110.0,"-3,5 dB",99970,57.01844234,10.03461585,2892.55
2026-04-20T15:08:28.366204,-107.0,"-4,0 dB",99970,57.01838710,10.03455000,2887.56
2026-04-20T15:08:29.454636,-105.0,"-5,0 dB",99970,57.01833187,10.03448416,2882.58
2026-04-20T15:08:30.575120,-105.0,"0,0 dB",99970,57.01823624,10.03435821,2873.26
2026-04-20T15:08:31.695518,-107.0,"-1,5 dB",99970,57.01819250,10.03431220,2869.71
2026-04-20T15:08:32.816323,-110.0,"-2,5 dB",99970,57.01819453,10.03431431,2869.87
2026-04-20T15:08:33.936982,-116.0,"-7,0 dB",99970,57.01809628,10.03422078,2862.49
2026-04-20T15:08:35.025869,-110.0,"-1,5 dB",99970,57.01804880,10.03417600,2858.96
2026-04-20T15:08:36.176568,-108.0,"5,0 dB",99970,57.01799671,10.03414347,2856.09
2026-04-20T15:08:37.267078,-108.0,"2,0 dB",99970,57.01794627,10.03411291,2853.37
2026-04-20T15:08:38.387131,-109.0,"0,5 dB",99970,57.01789583,10.03408236,2850.67
2026-04-20T15:08:39.474881,-108.0,"5,0 dB",99970,57.01784539,10.03405181,2847.97
2026-04-20T15:08:40.562772,-109.0,"-2,0 dB",99970,57.01773578,10.03400405,2843.26
2026-04-20T15:08:41.652989,-107.0,"0,5 dB",99970,57.01768534,10.03397349,2840.60
2026-04-20T15:08:42.773630,-105.0,"5,0 dB",99970,57.01763359,10.03395915,2838.89
2026-04-20T15:08:43.894199,-106.0,"3,5 dB",99970,57.01756953,10.03394194,2836.83
2026-04-20T15:08:45.015020,-105.0,"5,5 dB",99970,57.01751909,10.03391139,2834.20
2026-04-20T15:08:46.102697,-107.0,"6,5 dB",99970,57.01746734,10.03389705,2832.53
2026-04-20T15:08:47.223622,-106.0,"6,0 dB",99970,57.01741201,10.03386650,2829.85
2026-04-20T15:08:48.344334,-105.0,"5,5 dB",99970,57.01736157,10.03383594,2827.25
2026-04-20T15:08:49.433014,-102.0,"7,0 dB",99970,57.01730371,10.03380252,2824.37
2026-04-20T15:08:50.553549,-103.0,"6,0 dB",99970,57.01720415,10.03372521,2818.27
2026-04-20T15:08:51.641913,-104.0,"3,5 dB",99970,57.01715502,10.03367845,2814.76
2026-04-20T15:08:52.762256,-107.0,"3,0 dB",99970,57.01710589,10.03363169,2811.26
2026-04-20T15:08:53.882696,-109.0,"0,5 dB",99970,57.01706165,10.03358492,2807.83
2026-04-20T15:08:55.003625,-126.0,"-11,5 dB",99970,57.01701253,10.03353816,2804.34
2026-04-20T15:08:56.091468,-129.0,"-10,5 dB",99970,57.01695598,10.03348853,2800.59
2026-04-20T15:09:31.629465,-111.0,"0,0 dB",99970,57.01510729,10.03168687,2674.24
2026-04-20T15:09:32.750263,-109.0,"7,5 dB",99970,57.01506305,10.03164011,2671.17
2026-04-20T15:09:33.871140,-118.0,"-7,5 dB",99970,57.01502003,10.03161243,2669.27
2026-04-20T15:09:34.991967,-107.0,"4,0 dB",99970,57.01499062,10.03157141,2666.64
2026-04-20T15:09:36.142802,-107.0,"5,0 dB",99970,57.01495991,10.03154660,2664.99
2026-04-20T15:09:37.232552,-110.0,"0,5 dB",99970,57.01494891,10.03152752,2663.78
2026-04-20T15:09:38.319645,-109.0,"2,0 dB",99970,57.01494150,10.03152466,2663.57
2026-04-20T15:09:39.409533,-107.0,"2,5 dB",99970,57.01493050,10.03150558,2662.36
2026-04-20T15:09:40.498765,-110.0,"-3,5 dB",99970,57.01492308,10.03150271,2662.15
2026-04-20T15:09:41.584549,-107.0,"3,0 dB",99970,57.01490372,10.03143214,2657.80
2026-04-20T15:09:42.675422,-108.0,"1,0 dB",99970,57.01490766,10.03138351,2654.87
2026-04-20T15:09:43.795943,-104.0,"-0,5 dB",99970,57.01491779,10.03131867,2651.00
2026-04-20T15:09:44.882948,-104.0,"-1,0 dB",99970,57.01493666,10.03124049,2646.36
2026-04-20T15:09:45.972448,-106.0,"-3,5 dB",99970,57.01495421,10.03117852,2642.70
2026-04-20T15:09:47.060575,-116.0,"-7,5 dB",99970,57.01497439,10.03108413,2637.09
2026-04-20T15:09:48.149085,-108.0,"4,0 dB",99970,57.01499588,10.03097353,2630.51
2026-04-20T15:09:49.239070,-103.0,"5,0 dB",99970,57.01502610,10.03084958,2623.17
2026-04-20T15:09:50.359376,-100.0,"7,5 dB",99970,57.01505379,10.03072277,2615.65
2026-04-20T15:09:51.479982,-99.0,"8,0 dB",99970,57.01509021,10.03058262,2607.38
2026-04-20T15:09:52.600634,-105.0,"1,5 dB",99970,57.01516567,10.03026989,2588.92
2026-04-20T15:09:53.720513,-104.0,"2,5 dB",99970,57.01521082,10.03011639,2579.92
2026-04-20T15:09:54.841563,-105.0,"1,0 dB",99970,57.01525118,10.02992761,2568.76
2026-04-20T15:09:55.962096,-105.0,"1,0 dB",99970,57.01530252,10.02975790,2558.85
2026-04-20T15:09:57.082771,-105.0,"1,5 dB",99970,57.01534157,10.02958532,2548.69
2026-04-20T15:09:58.171423,-114.0,"-2,0 dB",99970,57.01538192,10.02939654,2537.57
2026-04-20T15:09:59.259931,-115.0,"-1,0 dB",99970,57.01542585,10.02922396,2527.47
2026-04-20T15:10:00.380632,-110.0,"-4,5 dB",99970,57.01546620,10.02903517,2516.37
2026-04-20T15:10:01.500756,-124.0,"-4,0 dB",99970,57.01554917,10.02869002,2496.19
2026-04-20T15:10:02.619072,-117.0,"-6,0 dB",99970,57.01558953,10.02850123,2485.12
2026-04-20T15:10:03.709753,-116.0,"-7,0 dB",99970,57.01563346,10.02832865,2475.08
2026-04-20T15:10:04.798617,-114.0,"-7,0 dB",99970,57.01567381,10.02813986,2464.04
2026-04-20T15:10:05.887329,-121.0,"-10,5 dB",99970,57.01571774,10.02796728,2454.03
2026-04-20T15:10:07.007984,-116.0,"-7,0 dB",99970,57.01575809,10.02777849,2443.01
2026-04-20T15:10:08.128094,-115.0,"-4,0 dB",99970,57.01579713,10.02760591,2432.97
2026-04-20T15:10:09.249270,-113.0,"-5,0 dB",99970,57.01583617,10.02743333,2422.95
2026-04-20T15:10:10.369365,-109.0,"2,0 dB",99970,57.01587521,10.02726075,2412.93
2026-04-20T15:10:11.458093,-113.0,"-5,5 dB",99970,57.01591913,10.02708817,2402.98
2026-04-20T15:10:12.576495,-117.0,"-8,0 dB",99970,57.01599599,10.02672393,2381.85
2026-04-20T15:10:13.689221,-112.0,"-10,5 dB",99970,57.01603503,10.02655135,2371.88
2026-04-20T15:10:14.796951,-122.0,"-8,0 dB",99970,57.01607407,10.02637876,2361.93
2026-04-20T15:10:15.905458,-140.0,"-18,0 dB",99970,57.01611931,10.02618997,2351.08
2026-04-20T15:10:53.068453,-104.0,"-2,0 dB",99970,57.01782585,10.01941413,1976.72
2026-04-20T15:10:54.157092,-102.0,"-4,0 dB",99970,57.01794083,10.01907752,1959.74
2026-04-20T15:10:55.243414,-103.0,"-3,5 dB",99970,57.01799950,10.01891610,1951.75
2026-04-20T15:10:56.330870,-101.0,"-5,0 dB",99970,57.01799958,10.01891065,1951.43
2026-04-20T15:10:57.419600,-99.0,"-3,5 dB",99970,57.01811690,10.01858170,1935.19
2026-04-20T15:10:58.538717,-98.0,"3,5 dB",99970,57.01817688,10.01842338,1927.53
2026-04-20T15:10:59.658327,-95.0,"1,5 dB",99970,57.01828444,10.01808390,1910.64
2026-04-20T15:11:00.745983,-93.0,"6,5 dB",99970,57.01834450,10.01790970,1902.17
2026-04-20T15:11:01.865109,-94.0,"5,0 dB",99970,57.01834319,10.01791703,1902.56
2026-04-20T15:11:02.984888,-94.0,"8,5 dB",99970,57.01845990,10.01756870,1885.66
2026-04-20T15:11:04.104170,-94.0,"2,0 dB",99970,57.01851790,10.01739740,1877.43
2026-04-20T15:11:05.191892,-94.0,"4,0 dB",99970,57.01851822,10.01739732,1877.43
2026-04-20T15:11:06.311173,-93.0,"2,5 dB",99970,57.01863807,10.01706071,1861.57
2026-04-20T15:11:07.398385,-94.0,"2,0 dB",99970,57.01869660,10.01688380,1853.16
2026-04-20T15:11:08.486446,-93.0,"3,0 dB",99970,57.01869813,10.01687762,1852.86
2026-04-20T15:11:09.605579,-94.0,"1,0 dB",99970,57.01887890,10.01637700,1829.84
2026-04-20T15:11:10.724727,-94.0,"-2,0 dB",99970,57.01887674,10.01637411,1829.60
2026-04-20T15:11:11.812401,-93.0,"-0,5 dB",99970,57.01900960,10.01605390,1815.70
2026-04-20T15:11:12.900214,-92.0,"0,0 dB",99970,57.01907710,10.01589590,1809.00
2026-04-20T15:11:14.019443,-92.0,"-0,5 dB",99970,57.01907375,10.01589254,1808.69
2026-04-20T15:11:15.106438,-91.0,"1,5 dB",99970,57.01920582,10.01559407,1796.34
2026-04-20T15:11:16.193860,-92.0,"5,5 dB",99970,57.01927450,10.01544670,1790.45
2026-04-20T15:11:17.313474,-98.0,"5,5 dB",99970,57.01927557,10.01544626,1790.46
2026-04-20T15:11:18.401141,-99.0,"5,5 dB",99970,57.01940632,10.01516399,1779.32
2026-04-20T15:11:19.520982,-102.0,"4,0 dB",99970,57.01952520,10.01489990,1768.95
2026-04-20T15:11:20.640086,-109.0,"-2,5 dB",99970,57.01958317,10.01477682,1764.28
2026-04-20T15:11:21.759439,-110.0,"-4,0 dB",99970,57.01964780,10.01463840,1759.06
2026-04-20T15:11:22.878985,-126.0,"-17,5 dB",99970,57.01971260,10.01450310,1754.08
2026-04-20T15:11:28.508081,-92.0,"3,0 dB",99970,57.02008560,10.01364760,1722.19
2026-04-20T15:11:29.595447,-92.0,"5,0 dB",99970,57.02014748,10.01350753,1717.20
2026-04-20T15:11:30.714970,-92.0,"3,5 dB",99970,57.02020340,10.01335180,1711.12
2026-04-20T15:11:31.833986,-93.0,"4,5 dB",99970,57.02020491,10.01335685,1711.47
2026-04-20T15:11:32.921473,-93.0,"7,5 dB",99970,57.02031725,10.01305263,1699.89
2026-04-20T15:11:34.041267,-96.0,"6,5 dB",99970,57.02037260,10.01291870,1695.14
2026-04-20T15:11:35.161086,-97.0,"2,5 dB",99970,57.02042870,10.01277980,1690.21
2026-04-20T15:11:36.280249,-97.0,"2,5 dB",99970,57.02048309,10.01264637,1685.53
2026-04-20T15:11:37.399993,-97.0,"5,5 dB",99970,57.02053910,10.01250870,1680.76
2026-04-20T15:11:38.519192,-95.0,"9,0 dB",99970,57.02064021,10.01225345,1671.91
2026-04-20T15:11:39.638471,-99.0,"2,0 dB",99970,57.02069250,10.01212450,1667.56
2026-04-20T15:11:40.725731,-97.0,"0,5 dB",99970,57.02074170,10.01200070,1663.38
2026-04-20T15:11:41.815009,-100.0,"-12,5 dB",99970,57.02079601,10.01187675,1659.49
2026-04-20T15:14:03.787615,-75.6,,23820,57.01931490,9.98996620,619.80
2026-04-20T15:14:04.907426,-75.6,,23820,57.01931995,9.98985773,618.84
2026-04-20T15:14:05.995097,-72.7,,23820,57.01931907,9.98977380,617.62
2026-04-20T15:14:07.082470,-72.7,,23820,57.01931520,9.98970770,616.35
2026-04-20T15:14:08.170604,-72.7,,23820,57.01931949,9.98967366,616.39
2026-04-20T15:14:09.257523,-72.7,,23820,57.01931338,9.98965459,615.48
2026-04-20T15:14:10.345570,-72.7,,23820,57.01931430,9.98964680,615.49
2026-04-20T15:14:11.465594,-72.7,,23820,57.01931468,9.98963838,615.43
2026-04-20T15:14:12.553154,-72.7,,23820,57.01931380,9.98964260,615.38
2026-04-20T15:14:13.640856,-72.7,,23820,57.01931468,9.98963838,615.43
2026-04-20T15:14:14.728541,-72.7,,23820,57.01931468,9.98963838,615.43
2026-04-20T15:14:15.814705,-72.7,,23820,57.01931380,9.98964250,615.38
2026-04-20T15:14:16.903603,-72.7,,23820,57.01931380,9.98964250,615.38
2026-04-20T15:14:18.023556,-72.7,,23820,57.01931468,9.98963838,615.43
2026-04-20T15:14:19.143212,-72.7,,23820,57.01931380,9.98964250,615.38
2026-04-20T15:14:20.263026,-72.7,,23820,57.01931468,9.98963838,615.43
2026-04-20T15:14:21.350592,-72.7,,23820,57.01931468,9.98963838,615.43
2026-04-20T15:14:22.470331,-72.7,,23820,57.01931390,9.98964250,615.39
2026-04-20T15:14:23.557876,-72.7,,23820,57.01931468,9.98963838,615.43
2026-04-20T15:14:24.645687,-72.7,,23820,57.01931390,9.98964250,615.39
2026-04-20T15:14:25.733286,-72.7,,23820,57.01930979,9.98963838,614.89
2026-04-20T15:14:26.820824,-72.7,,23820,57.01930979,9.98963838,614.89
2026-04-20T15:14:27.940541,-72.7,,23820,57.01931500,9.98964150,615.50
2026-04-20T15:14:29.028697,-72.7,,23820,57.01930979,9.98963838,614.89
2026-04-20T15:14:30.115964,-72.7,,23820,57.01930979,9.98963838,614.89
2026-04-20T15:14:31.203840,-72.7,,23820,57.01931500,9.98964150,615.50
2026-04-20T15:14:32.323174,-72.7,,23820,57.01930979,9.98963838,614.89
2026-04-20T15:14:33.443048,-72.7,,23820,57.01930979,9.98963838,614.89
2026-04-20T15:14:34.531113,-72.7,,23820,57.01930979,9.98963838,614.89
2026-04-20T15:14:35.650077,-72.7,,23820,57.01930979,9.98963838,614.89
2026-04-20T15:14:36.770474,-72.7,,23820,57.01931500,9.98964150,615.50
2026-04-20T15:14:37.890020,-72.7,,23820,57.01930979,9.98963838,614.89
2026-04-20T15:14:38.977217,-72.7,,23820,57.01930979,9.98963838,614.89
2026-04-20T15:14:40.065615,-72.7,,23820,57.01931490,9.98964150,615.49
2026-04-20T15:14:41.184720,-72.7,,23820,57.01931721,9.98964124,615.74
2026-04-20T15:14:42.304335,-72.7,,23820,57.01931721,9.98964124,615.74
2026-04-20T15:14:43.424135,-72.7,,23820,57.01931410,9.98964200,615.41
2026-04-20T15:14:44.512191,-72.7,,23820,57.01931721,9.98964124,615.74
2026-04-20T15:14:45.599238,-72.7,,23820,57.01931410,9.98964190,615.41
2026-04-20T15:14:46.687603,-72.7,,23820,57.01931721,9.98964124,615.74
2026-04-20T15:14:47.775057,-72.7,,23820,57.01931721,9.98964124,615.74
2026-04-20T15:14:48.862699,-72.7,,23820,57.01931400,9.98964190,615.40
2026-04-20T15:14:49.980329,-72.7,,23820,57.01931721,9.98964124,615.74
2026-04-20T15:14:51.070132,-72.7,,23820,57.01931721,9.98964124,615.74
2026-04-20T15:14:52.158043,-72.7,,23820,57.01931390,9.98964180,615.38
2026-04-20T15:14:53.246021,-72.7,,23820,57.01931721,9.98964124,615.74
2026-04-20T15:14:54.332688,-72.7,,23820,57.01931721,9.98964124,615.74
2026-04-20T15:14:55.421342,-72.7,,23820,57.01931390,9.98964170,615.38
2026-04-20T15:14:56.541166,-72.7,,23820,57.01931721,9.98964124,615.74
2026-04-20T15:14:57.628596,-72.7,,23820,57.01931390,9.98964170,615.38
2026-04-20T15:14:58.748548,-72.7,,23820,57.01931721,9.98964124,615.74
2026-04-20T15:14:59.835866,-72.7,,23820,57.01931721,9.98964124,615.74
2026-04-20T15:15:00.922523,-72.7,,23820,57.01931380,9.98964180,615.37
2026-04-20T15:15:02.010905,-72.7,,23820,57.01931721,9.98964124,615.74
2026-04-20T15:15:03.129226,-72.7,,23820,57.01930979,9.98963838,614.89
2026-04-20T15:15:04.250390,-72.7,,23820,57.01931000,9.98960170,614.47
2026-04-20T15:15:05.369939,-72.7,,23820,57.01930891,9.98955446,613.78
2026-04-20T15:15:06.489443,-72.7,,23820,57.01930672,9.98948674,612.75
2026-04-20T15:15:07.576661,-72.7,,23820,57.01930364,9.98933511,610.74
2026-04-20T15:15:08.663908,-72.7,,23820,57.01929045,9.98924833,608.40
2026-04-20T15:15:09.753390,-72.7,,23820,57.01927280,9.98917010,605.69
2026-04-20T15:15:10.841115,-72.7,,23820,57.01924173,9.98910149,601.62
2026-04-20T15:15:11.960708,-72.7,,23820,57.01919128,9.98907099,595.80
2026-04-20T15:15:13.047600,-72.7,,23820,57.01914170,9.98905120,590.16
2026-04-20T15:15:14.167177,-72.7,,23820,57.01908646,9.98905865,584.16
2026-04-20T15:15:15.255484,-72.7,,23820,57.01902850,9.98906059,577.82
2026-04-20T15:15:16.375382,-72.7,,23820,57.01897110,9.98906820,571.59
2026-04-20T15:15:17.495109,-72.7,,23820,57.01891749,9.98906445,565.66
2026-04-20T15:15:18.582499,-72.7,,23820,57.01880380,9.98907790,553.32
2026-04-20T15:15:19.670578,-72.7,,23820,57.01875210,9.98908647,547.74
2026-04-20T15:15:20.790350,-72.7,,23820,57.01869903,9.98908841,541.95
2026-04-20T15:15:21.910209,-72.7,,23820,57.01865540,9.98906310,536.90
2026-04-20T15:15:22.997599,-72.7,,23820,57.01861917,9.98901692,532.47
2026-04-20T15:15:24.084632,-72.7,,23820,57.01859855,9.98892729,529.33
2026-04-20T15:15:25.173176,-72.7,,23820,57.01858640,9.98883890,527.19
2026-04-20T15:15:26.259894,-72.7,,23820,57.01858325,9.98873752,525.99
2026-04-20T15:15:27.380088,-72.7,,23820,57.01857626,9.98863453,524.41
2026-04-20T15:15:28.500284,-72.7,,23820,57.01858102,9.98838561,523.30
2026-04-20T15:15:29.620474,-72.7,,23820,57.01858274,9.98826926,522.87
2026-04-20T15:15:30.739901,-72.7,,23820,57.01858400,9.98812800,522.38
2026-04-20T15:15:31.859372,-72.7,,23820,57.01858759,9.98798507,522.29
2026-04-20T15:15:32.979067,-72.7,,23820,57.01859062,9.98785251,522.30
2026-04-20T15:15:34.066641,-72.7,,23820,57.01859010,9.98770750,522.03
2026-04-20T15:15:35.186346,-72.7,,23820,57.01859677,9.98755210,522.70
2026-04-20T15:15:36.274119,-72.7,,23820,57.01859500,9.98738425,522.62
2026-04-20T15:15:37.361282,-72.7,,23820,57.01859640,9.98722010,523.08
2026-04-20T15:15:38.449221,-72.7,,23820,57.01859887,9.98705142,523.87
2026-04-20T15:15:39.569218,-72.7,,23820,57.01860900,9.98670100,526.68
2026-04-20T15:15:40.657130,-72.7,,23820,57.01861205,9.98653452,528.12
2026-04-20T15:15:41.744880,-72.7,,23820,57.01861158,9.98635046,529.50
2026-04-20T15:15:42.832399,-72.7,,23820,57.01861440,9.98619100,531.24
2026-04-20T15:15:43.951736,-72.7,,23820,57.01861414,9.98603384,532.79
2026-04-20T15:15:45.071591,-72.7,,23820,57.01861237,9.98586600,534.46
2026-04-20T15:15:46.159368,-72.7,,23820,57.01861080,9.98571020,536.19
2026-04-20T15:15:47.278742,-72.7,,23820,57.01861362,9.98556559,538.40
2026-04-20T15:15:48.398842,-72.7,,23820,57.01861796,9.98541681,540.97
2026-04-20T15:15:49.486651,-72.7,,23820,57.01862280,9.98529440,543.32
2026-04-20T15:15:50.574076,-72.7,,23820,57.01862933,9.98505155,547.92
2026-04-20T15:15:51.661961,-72.7,,23820,57.01863090,9.98493250,550.14
2026-04-20T15:15:52.749413,-72.7,,23820,57.01863278,9.98481885,552.37
2026-04-20T15:15:53.869462,-72.7,,23820,57.01862961,9.98470250,554.20
2026-04-20T15:15:54.956839,-72.7,,23820,57.01862890,9.98458910,556.31
2026-04-20T15:15:56.044195,-72.7,,23820,57.01863175,9.98448601,558.66
2026-04-20T15:15:57.132264,-72.7,,23820,57.01861986,9.98438302,559.54
2026-04-20T15:15:58.252081,-72.7,,23820,57.01859175,9.98432582,557.81
2026-04-20T15:15:59.339654,-72.7,,23820,57.01854488,9.98431155,553.24
2026-04-20T15:16:00.427336,-72.7,,23820,57.01849182,9.98431349,547.69
2026-04-20T15:16:01.514523,-72.7,,23820,57.01838569,9.98431737,536.61
2026-04-20T15:16:02.601193,-72.7,,23820,57.01832521,9.98431646,530.38
2026-04-20T15:16:03.690086,-72.7,,23820,57.01824753,9.98431269,522.46
2026-04-20T15:16:04.778280,-72.7,,23820,57.01818216,9.98431178,515.75
2026-04-20T15:16:05.898077,-72.7,,23820,57.01810937,9.98430801,508.37
2026-04-20T15:16:06.985311,-72.7,,23820,57.01801938,9.98430139,499.32
2026-04-20T15:16:08.073218,-72.7,,23820,57.01792556,9.98430813,489.60
2026-04-20T15:16:09.193066,-72.7,,23820,57.01782816,9.98429866,479.94
2026-04-20T15:16:10.312378,-72.7,,23820,57.01772456,9.98430540,469.30
2026-04-20T15:16:11.432530,-72.7,,23820,57.01762716,9.98429592,459.74
2026-04-20T15:16:12.552103,-72.7,,23820,57.01741874,9.98429033,439.10
2026-04-20T15:16:13.671516,-72.7,,23820,57.01731881,9.98427800,429.56
2026-04-20T15:16:14.791503,-72.7,,23820,57.01722499,9.98428474,420.15
2026-04-20T15:16:15.911371,-72.7,,23820,57.01712758,9.98427526,410.92
2026-04-20T15:16:17.029240,-72.7,,23820,57.01701787,9.98426294,400.67
2026-04-20T15:16:18.116884,-72.7,,23820,57.01691916,9.98426967,390.99
2026-04-20T15:16:19.205767,-72.7,,23820,57.01682176,9.98426020,382.02
2026-04-20T15:16:20.292977,-72.7,,23820,57.01671205,9.98424787,372.08
2026-04-20T15:16:21.381908,-72.7,,23820,57.01661334,9.98425461,362.67
2026-04-20T15:16:22.501449,-72.7,,23820,57.01651594,9.98424513,354.02
2026-04-20T15:16:23.588767,-72.7,,23820,57.01641723,9.98425187,344.81
2026-04-20T15:16:24.676571,-72.7,,23820,57.01631241,9.98423954,335.85
2026-04-20T15:16:25.764562,-72.7,,23820,57.01621500,9.98423007,327.60
2026-04-20T15:16:26.852289,-72.7,,23820,57.01611141,9.98423681,318.36
2026-04-20T15:16:27.940178,-72.7,,23820,57.01601400,9.98422733,310.43
2026-04-20T15:16:29.059604,-72.7,,23820,57.01591529,9.98423407,301.91
2026-04-20T15:16:30.147231,-72.7,,23820,57.01581047,9.98422174,293.86
2026-04-20T15:16:31.235083,-72.7,,23820,57.01571307,9.98421227,286.52
2026-04-20T15:16:32.322357,-72.7,,23820,57.01562308,9.98420565,279.84
2026-04-20T15:16:33.442391,-72.7,,23820,57.01552568,9.98419617,272.95
2026-04-20T15:16:34.561729,-72.7,,23820,57.01533446,9.98419344,259.45
2026-04-20T15:16:35.649522,-72.7,,23820,57.01523705,9.98418396,253.39
2026-04-20T15:16:36.769561,-72.7,,23820,57.01514576,9.98419355,247.07
2026-04-20T15:16:37.857198,-72.7,,23820,57.01505325,9.98418408,241.92
2026-04-20T15:16:38.976487,-72.7,,23820,57.01495585,9.98417461,236.83
2026-04-20T15:16:40.064232,-72.7,,23820,57.01487075,9.98416799,232.62
2026-04-20T15:16:41.184371,-72.7,,23820,57.01478435,9.98417758,227.78
2026-04-20T15:16:42.271974,-72.7,,23820,57.01469925,9.98417096,224.21
2026-04-20T15:16:43.359734,-72.7,,23820,57.01461904,9.98416434,221.18
2026-04-20T15:16:44.479308,-72.7,,23820,57.01454878,9.98416343,218.51
2026-04-20T15:16:45.598699,-72.7,,23820,57.01442904,9.98418067,213.46
2026-04-20T15:16:46.718439,-72.7,,23820,57.01438209,9.98420168,210.84
2026-04-20T15:16:47.838432,-72.7,,23820,57.01435714,9.98426082,206.67
2026-04-20T15:16:48.926263,-72.7,,23820,57.01434703,9.98432566,202.59
2026-04-20T15:16:50.044089,-72.7,,23820,57.01434050,9.98440672,197.66
2026-04-20T15:16:51.134002,-72.7,,23820,57.01434139,9.98449064,192.77
2026-04-20T15:16:52.253264,-72.7,,23820,57.01434847,9.98455834,189.02
2026-04-20T15:16:53.373132,-72.7,,23820,57.01435067,9.98462604,185.14
2026-04-20T15:16:54.491441,-72.7,,23820,57.01435897,9.98471280,180.35
2026-04-20T15:16:55.579971,-72.7,,23820,57.01434844,9.98487778,170.45
2026-04-20T15:16:56.700146,-72.7,,23820,57.01434802,9.98497790,164.66
2026-04-20T15:16:57.819501,-72.7,,23820,57.01434402,9.98506181,159.69
2026-04-20T15:16:58.939381,-72.7,,23820,57.01434849,9.98516194,154.10
2026-04-20T15:17:00.058290,-72.7,,23820,57.01435680,9.98524871,149.46
2026-04-20T15:17:01.179180,-72.7,,23820,57.01435638,9.98534883,143.77
2026-04-20T15:17:02.330479,-76.2,,23820,57.01435108,9.98544896,137.90
2026-04-20T15:17:03.449899,-76.2,,23820,57.01434454,9.98553001,133.08
2026-04-20T15:17:04.569881,-76.2,,23820,57.01432790,9.98567592,124.20
2026-04-20T15:17:05.657489,-76.2,,23820,57.01431779,9.98574077,120.15
2026-04-20T15:17:06.777382,-76.2,,23820,57.01431256,9.98580561,116.31
2026-04-20T15:17:07.897160,-76.2,,23820,57.01431476,9.98587331,112.67
2026-04-20T15:17:08.984362,-76.2,,23820,57.01431564,9.98595723,108.10
2026-04-20T15:17:10.070178,-76.2,,23820,57.01431042,9.98602207,104.32
2026-04-20T15:17:11.160039,-106.6,,23820,57.01431131,9.98610599,99.83
2026-04-20T15:17:12.247642,-106.6,,23820,57.01431708,9.98618990,95.67
2026-04-20T15:17:13.367385,-92.9,,23820,57.01431928,9.98625760,92.24
2026-04-20T15:17:14.455405,-92.9,,23820,57.01432016,9.98634151,87.96
2026-04-20T15:17:15.542478,-92.9,,23820,57.01431452,9.98650648,79.34
2026-04-20T15:17:16.662028,-92.9,,23820,57.01430929,9.98657133,75.84
2026-04-20T15:17:17.782660,-92.9,,23820,57.01431507,9.98665524,72.28
2026-04-20T15:17:18.870116,-92.9,,23820,57.01431596,9.98673916,68.54
2026-04-20T15:17:19.957112,-92.9,,23820,57.01431195,9.98682307,64.60
2026-04-20T15:17:21.045401,-92.9,,23820,57.01431284,9.98690698,61.23
2026-04-20T15:17:22.133197,-92.9,,23820,57.01431373,9.98699090,58.12
2026-04-20T15:17:23.252773,-92.9,,23820,57.01431950,9.98707481,55.76
2026-04-20T15:17:24.372646,-92.9,,23820,57.01432039,9.98715872,53.30
2026-04-20T15:17:25.459650,-92.9,,23820,57.01431517,9.98722357,51.06
2026-04-20T15:17:26.579004,-92.9,,23820,57.01430602,9.98733705,47.69
2026-04-20T15:17:27.699242,-92.9,,23820,57.01430821,9.98740475,46.89
2026-04-20T15:17:28.786690,-92.9,,23820,57.01430299,9.98746960,45.65
2026-04-20T15:17:29.874708,-92.9,,23820,57.01430649,9.98752109,45.73
2026-04-20T15:17:30.962648,-92.9,,23820,57.01429768,9.98756972,44.66
2026-04-20T15:17:32.050610,-92.9,,23820,57.01429637,9.98758593,44.53
2026-04-20T15:17:34.256999,-86.0,"22,5 dB",99970,57.01429507,9.98760215,44.42
2026-04-20T15:17:35.345248,-86.0,"21,5 dB",99970,57.01429507,9.98760215,44.42
2026-04-20T15:17:36.464771,-85.0,"23,5 dB",99970,57.01429507,9.98760215,44.42
2026-04-20T15:17:37.584542,-75.0,"27,5 dB",99970,57.01428634,9.98761550,43.50
2026-04-20T15:17:38.704386,-81.0,"24,5 dB",99970,57.01427884,9.98764793,42.84
2026-04-20T15:17:39.824172,-80.0,"26,0 dB",99970,57.01427003,9.98769656,42.31
2026-04-20T15:17:40.911956,-81.0,"28,5 dB",99970,57.01425060,9.98773930,40.77
2026-04-20T15:17:42.031272,-77.0,"29,0 dB",99970,57.01423147,9.98776905,39.24
2026-04-20T15:17:43.151043,-78.0,"31,0 dB",99970,57.01421035,9.98781483,38.01
2026-04-20T15:17:44.271095,-75.0,"32,5 dB",99970,57.01418802,9.98784155,36.45
2026-04-20T15:17:45.358253,-73.0,"31,0 dB",99970,57.01416437,9.98788447,35.46
2026-04-20T15:17:46.477596,-71.0,"33,5 dB",99970,57.01414945,9.98791404,35.12
2026-04-20T15:17:47.565646,-74.0,"31,0 dB",99970,57.01410600,9.98798653,34.46
2026-04-20T15:17:48.652946,-68.0,"36,0 dB",99970,57.01408497,9.98799703,33.41
2026-04-20T15:17:49.773136,-67.0,"36,5 dB",99970,57.01406524,9.98799132,31.79
2026-04-20T15:17:50.893085,-65.0,"36,0 dB",99970,57.01403321,9.98798276,29.38
2026-04-20T15:17:52.012280,-63.0,"36,0 dB",99970,57.01401479,9.98796084,27.20
2026-04-20T15:17:53.100522,-69.0,"33,0 dB",99970,57.01398276,9.98795227,25.18
2026-04-20T15:17:54.220137,-66.0,"37,0 dB",99970,57.01395431,9.98795992,24.60
2026-04-20T15:17:55.340142,-64.0,"35,5 dB",99970,57.01392970,9.98795421,23.68
2026-04-20T15:17:56.459773,-63.0,"37,0 dB",99970,57.01389636,9.98796185,23.84
2026-04-20T15:17:57.579258,-63.0,"36,5 dB",99970,57.01384329,9.98796379,24.67
2026-04-20T15:17:58.667105,-62.0,"37,5 dB",99970,57.01383457,9.98797715,25.69
2026-04-20T15:17:59.754894,-62.0,"38,0 dB",99970,57.01382095,9.98799050,26.90
2026-04-20T15:18:00.874739,-62.0,"37,0 dB",99970,57.01382095,9.98799050,26.90
2026-04-20T15:18:01.994072,-62.0,"37,5 dB",99970,57.01382095,9.98799050,26.90
2026-04-20T15:18:03.113499,-61.0,"37,5 dB",99970,57.01383457,9.98797715,25.69
2026-04-20T15:18:04.232963,-60.0,"36,5 dB",99970,57.01383457,9.98797715,25.69
2026-04-20T15:18:05.352170,-62.0,"36,5 dB",99970,57.01384818,9.98796379,24.54
2026-04-20T15:18:06.440274,-62.0,"35,5 dB",99970,57.01384949,9.98794758,23.55
2026-04-20T15:18:07.528171,-63.0,"35,0 dB",99970,57.01385210,9.98791516,21.58
2026-04-20T15:18:08.627324,-64.0,"35,5 dB",99970,57.01385210,9.98791516,21.58
2026-04-20T15:18:09.731620,-63.0,"34,5 dB",99970,57.01384852,9.98789894,20.72
2026-04-20T15:18:10.834199,-65.0,"36,0 dB",99970,57.01384852,9.98789894,20.72
2026-04-20T15:18:11.934548,-64.0,"34,5 dB",99970,57.01384852,9.98789894,20.72
2026-04-20T15:18:13.033036,-67.0,"34,0 dB",99970,57.01384983,9.98788273,19.73
2026-04-20T15:18:14.130320,-65.0,"34,5 dB",99970,57.01385724,9.98788559,19.70
2026-04-20T15:18:15.226472,-69.0,"34,0 dB",99970,57.01385235,9.98788559,19.83
2026-04-20T15:18:16.321939,-68.0,"32,5 dB",99970,57.01385855,9.98786938,18.71
2026-04-20T15:18:17.416156,-68.0,"33,0 dB",99970,57.01385855,9.98786938,18.71
2026-04-20T15:18:18.509481,-68.0,"33,0 dB",99970,57.01385855,9.98786938,18.71
2026-04-20T15:18:19.602285,-68.0,"32,5 dB",99970,57.01385855,9.98786938,18.71
2026-04-20T15:18:20.694188,-69.0,"32,0 dB",99970,57.01385855,9.98786938,18.71
2026-04-20T15:18:21.786340,-69.0,"33,0 dB",99970,57.01385855,9.98786938,18.71
2026-04-20T15:18:22.876195,-69.0,"32,5 dB",99970,57.01385855,9.98786938,18.71
2026-04-20T15:18:23.968707,-68.0,"33,5 dB",99970,57.01385855,9.98786938,18.71
2026-04-20T15:18:25.090986,-68.0,"32,5 dB",99970,57.01385855,9.98786938,18.71
2026-04-20T15:18:26.180432,-68.0,"34,0 dB",99970,57.01385855,9.98786938,18.71
2026-04-20T15:18:27.303463,-68.0,"33,0 dB",99970,57.01385855,9.98786938,18.71
2026-04-20T15:18:28.393394,-68.0,"33,5 dB",99970,57.01385855,9.98786938,18.71
2026-04-20T15:18:29.483270,-68.0,"33,5 dB",99970,57.01385855,9.98786938,18.71
2026-04-20T15:18:30.604456,-68.0,"33,5 dB",99970,57.01385855,9.98786938,18.71
2026-04-20T15:18:31.726323,-68.0,"32,5 dB",99970,57.01385855,9.98786938,18.71
2026-04-20T15:18:32.847624,-69.0,"33,5 dB",99970,57.01385855,9.98786938,18.71
2026-04-20T15:18:33.969017,-68.0,"33,0 dB",99970,57.01385855,9.98786938,18.71
2026-04-20T15:18:35.089685,-68.0,"34,5 dB",99970,57.01385855,9.98786938,18.71
2026-04-20T15:18:36.209385,-69.0,"32,5 dB",99970,57.01385855,9.98786938,18.71
2026-04-20T15:18:37.300144,-69.0,"32,0 dB",99970,57.01385855,9.98786938,18.71
2026-04-20T15:18:38.420373,-68.0,"33,0 dB",99970,57.01385855,9.98786938,18.71
2026-04-20T15:18:39.510127,-69.0,"34,0 dB",99970,57.01385855,9.98786938,18.71
2026-04-20T15:18:40.629216,-68.0,"33,5 dB",99970,57.01385855,9.98786938,18.71
2026-04-20T15:18:41.717316,-69.0,"31,0 dB",99970,57.01385855,9.98786938,18.71
2026-04-20T15:18:42.836583,-68.0,"31,5 dB",99970,57.01385855,9.98786938,18.71
2026-04-20T15:18:43.956400,-67.0,"32,0 dB",99970,57.01385855,9.98786938,18.71
2026-04-20T15:18:45.043025,-67.0,"34,0 dB",99970,57.01387086,9.98787223,18.63
2026-04-20T15:18:46.131211,-68.0,"33,0 dB",99970,57.01387086,9.98787223,18.63
2026-04-20T15:18:47.219182,-68.0,"33,0 dB",99970,57.01387086,9.98787223,18.63
2026-04-20T15:18:48.306593,-68.0,"33,0 dB",99970,57.01387086,9.98787223,18.63
2026-04-20T15:18:49.426597,-67.0,"33,0 dB",99970,57.01387086,9.98787223,18.63
2026-04-20T15:18:50.546909,-69.0,"33,5 dB",99970,57.01387086,9.98787223,18.63
2026-04-20T15:18:51.666718,-67.0,"33,5 dB",99970,57.01387086,9.98787223,18.63
2026-04-20T15:18:52.786242,-69.0,"32,5 dB",99970,57.01387086,9.98787223,18.63
2026-04-20T15:18:53.874281,-66.0,"34,0 dB",99970,57.01387086,9.98787223,18.63
2026-04-20T15:18:54.994493,-65.0,"34,5 dB",99970,57.01387086,9.98787223,18.63
2026-04-20T15:18:56.082400,-67.0,"34,0 dB",99970,57.01387574,9.98787223,18.55
2026-04-20T15:18:57.202207,-69.0,"32,5 dB",99970,57.01387574,9.98787223,18.55
2026-04-20T15:18:58.290603,-68.0,"35,0 dB",99970,57.01387574,9.98787223,18.55
